2025-07-08 14:35:33 [main] WARN  c.c.f.f.i.provider.DefaultApplicationProvider - app.id is not available from System Property and /META-INF/app.properties. It is set to null
2025-07-08 14:35:33 [main] WARN  c.c.f.f.i.provider.DefaultApplicationProvider - app.label is not available from System Property and /META-INF/app.properties. It is set to null
2025-07-08 14:35:33 [main] INFO  c.c.f.f.internals.provider.DefaultServerProvider - Environment is set to null. Because it is not available in either (1) JVM system property 'env', (2) OS env variable 'ENV' nor (3) property 'env' from the properties InputStream.
2025-07-08 14:35:33 [main] INFO  c.c.f.apollo.internals.DefaultMetaServerProvider - Located meta services from apollo.meta configuration: http://localhost:8080!
2025-07-08 14:35:33 [main] INFO  com.ctrip.framework.apollo.core.MetaDomainConsts - Located meta server address http://localhost:8080 for env UNKNOWN from com.ctrip.framework.apollo.internals.DefaultMetaServerProvider
2025-07-08 14:35:33 [main] WARN  c.c.f.apollo.internals.LocalFileConfigRepository - Sync config from upstream repository class com.ctrip.framework.apollo.internals.RemoteConfigRepository failed, reason: Get config services failed from http://localhost:8080/services/config?appId=ApolloNoAppIdPlaceHolder&ip=192.168.2.90 [Cause: Could not complete get operation [Cause: Connection refused]]
2025-07-08 14:35:33 [main] WARN  c.c.f.apollo.internals.LocalFileConfigRepository - Sync config from upstream repository class com.ctrip.framework.apollo.internals.RemoteConfigRepository failed, reason: Get config services failed from http://localhost:8080/services/config?appId=ApolloNoAppIdPlaceHolder&ip=192.168.2.90 [Cause: Could not complete get operation [Cause: Connection refused]]
2025-07-08 14:35:33 [main] WARN  c.ctrip.framework.apollo.internals.DefaultConfig - Init Apollo Local Config failed - namespace: application, reason: Load config from local config failed! [Cause: Cannot read from local cache file /Users/clark/Documents/Projects/personal/java/sringboot-learn/target/classes/config-cache/ApolloNoAppIdPlaceHolder+default+application.properties].
2025-07-08 14:35:33 [main] WARN  c.c.f.apollo.internals.LocalFileConfigRepository - Sync config from upstream repository class com.ctrip.framework.apollo.internals.RemoteConfigRepository failed, reason: Get config services failed from http://localhost:8080/services/config?appId=ApolloNoAppIdPlaceHolder&ip=192.168.2.90 [Cause: Could not complete get operation [Cause: Connection refused]]
2025-07-08 14:35:33 [main] WARN  c.c.f.apollo.internals.LocalFileConfigRepository - Sync config from upstream repository class com.ctrip.framework.apollo.internals.RemoteConfigRepository failed, reason: Get config services failed from http://localhost:8080/services/config?appId=ApolloNoAppIdPlaceHolder&ip=192.168.2.90 [Cause: Could not complete get operation [Cause: Connection refused]]
2025-07-08 14:35:33 [main] WARN  c.ctrip.framework.apollo.internals.DefaultConfig - Init Apollo Local Config failed - namespace: database, reason: Load config from local config failed! [Cause: Cannot read from local cache file /Users/clark/Documents/Projects/personal/java/sringboot-learn/target/classes/config-cache/ApolloNoAppIdPlaceHolder+default+database.properties].
2025-07-08 14:35:33 [main] WARN  c.c.f.apollo.internals.LocalFileConfigRepository - Sync config from upstream repository class com.ctrip.framework.apollo.internals.RemoteConfigRepository failed, reason: Get config services failed from http://localhost:8080/services/config?appId=ApolloNoAppIdPlaceHolder&ip=192.168.2.90 [Cause: Could not complete get operation [Cause: Connection refused]]
2025-07-08 14:35:33 [main] WARN  c.c.f.apollo.internals.LocalFileConfigRepository - Sync config from upstream repository class com.ctrip.framework.apollo.internals.RemoteConfigRepository failed, reason: Get config services failed from http://localhost:8080/services/config?appId=ApolloNoAppIdPlaceHolder&ip=192.168.2.90 [Cause: Could not complete get operation [Cause: Connection refused]]
2025-07-08 14:35:33 [main] WARN  c.ctrip.framework.apollo.internals.DefaultConfig - Init Apollo Local Config failed - namespace: redis, reason: Load config from local config failed! [Cause: Cannot read from local cache file /Users/clark/Documents/Projects/personal/java/sringboot-learn/target/classes/config-cache/ApolloNoAppIdPlaceHolder+default+redis.properties].
2025-07-08 14:35:33 [main] WARN  c.c.f.apollo.internals.LocalFileConfigRepository - Sync config from upstream repository class com.ctrip.framework.apollo.internals.RemoteConfigRepository failed, reason: Get config services failed from http://localhost:8080/services/config?appId=ApolloNoAppIdPlaceHolder&ip=192.168.2.90 [Cause: Could not complete get operation [Cause: Connection refused]]
2025-07-08 14:35:33 [main] WARN  c.c.f.apollo.internals.LocalFileConfigRepository - Sync config from upstream repository class com.ctrip.framework.apollo.internals.RemoteConfigRepository failed, reason: Get config services failed from http://localhost:8080/services/config?appId=ApolloNoAppIdPlaceHolder&ip=192.168.2.90 [Cause: Could not complete get operation [Cause: Connection refused]]
2025-07-08 14:35:33 [main] WARN  c.ctrip.framework.apollo.internals.DefaultConfig - Init Apollo Local Config failed - namespace: rabbitmq, reason: Load config from local config failed! [Cause: Cannot read from local cache file /Users/clark/Documents/Projects/personal/java/sringboot-learn/target/classes/config-cache/ApolloNoAppIdPlaceHolder+default+rabbitmq.properties].
2025-07-08 14:35:33 [main] WARN  c.ctrip.framework.apollo.internals.DefaultConfig - Could not load config for namespace application from Apollo, please check whether the configs are released in Apollo! Return default value now!
2025-07-08 14:35:33 [main] WARN  c.ctrip.framework.apollo.internals.DefaultConfig - Could not load config for namespace database from Apollo, please check whether the configs are released in Apollo! Return default value now!
2025-07-08 14:35:33 [main] WARN  c.ctrip.framework.apollo.internals.DefaultConfig - Could not load config for namespace redis from Apollo, please check whether the configs are released in Apollo! Return default value now!
2025-07-08 14:35:33 [main] WARN  c.ctrip.framework.apollo.internals.DefaultConfig - Could not load config for namespace rabbitmq from Apollo, please check whether the configs are released in Apollo! Return default value now!
2025-07-08 14:35:33 [main] INFO  com.enterprise.framework.FrameworkApplication - Starting FrameworkApplication using Java 21.0.7 with PID 53149 (/Users/clark/Documents/Projects/personal/java/sringboot-learn/target/classes started by clark in /Users/clark/Documents/Projects/personal/java/sringboot-learn)
2025-07-08 14:35:33 [main] DEBUG com.enterprise.framework.FrameworkApplication - Running with Spring Boot v3.2.0, Spring v6.1.1
2025-07-08 14:35:33 [main] INFO  com.enterprise.framework.FrameworkApplication - The following 1 profile is active: "dev"
2025-07-08 14:35:34 [main] INFO  o.s.d.r.config.RepositoryConfigurationDelegate - Multiple Spring Data modules found, entering strict repository configuration mode
2025-07-08 14:35:34 [main] INFO  o.s.d.r.config.RepositoryConfigurationDelegate - Bootstrapping Spring Data Redis repositories in DEFAULT mode.
2025-07-08 14:35:34 [main] INFO  o.s.d.r.config.RepositoryConfigurationDelegate - Finished Spring Data repository scanning in 7 ms. Found 0 Redis repository interfaces.
2025-07-08 14:35:34 [main] WARN  o.s.b.w.s.c.AnnotationConfigServletWebServerApplicationContext - Exception encountered during context initialization - cancelling refresh attempt: java.lang.IllegalArgumentException: Invalid value type for attribute 'factoryBeanObjectType': java.lang.String
2025-07-08 14:35:34 [main] INFO  o.s.b.a.logging.ConditionEvaluationReportLogger - 

Error starting ApplicationContext. To display the condition evaluation report re-run your application with 'debug' enabled.
2025-07-08 14:35:34 [main] ERROR org.springframework.boot.SpringApplication - Application run failed
java.lang.IllegalArgumentException: Invalid value type for attribute 'factoryBeanObjectType': java.lang.String
	at org.springframework.beans.factory.support.FactoryBeanRegistrySupport.getTypeForFactoryBeanFromAttributes(FactoryBeanRegistrySupport.java:86)
	at org.springframework.beans.factory.support.AbstractAutowireCapableBeanFactory.getTypeForFactoryBean(AbstractAutowireCapableBeanFactory.java:838)
	at org.springframework.beans.factory.support.AbstractBeanFactory.isTypeMatch(AbstractBeanFactory.java:620)
	at org.springframework.beans.factory.support.DefaultListableBeanFactory.doGetBeanNamesForType(DefaultListableBeanFactory.java:573)
	at org.springframework.beans.factory.support.DefaultListableBeanFactory.getBeanNamesForType(DefaultListableBeanFactory.java:532)
	at org.springframework.context.support.PostProcessorRegistrationDelegate.invokeBeanFactoryPostProcessors(PostProcessorRegistrationDelegate.java:138)
	at org.springframework.context.support.AbstractApplicationContext.invokeBeanFactoryPostProcessors(AbstractApplicationContext.java:775)
	at org.springframework.context.support.AbstractApplicationContext.refresh(AbstractApplicationContext.java:597)
	at org.springframework.boot.web.servlet.context.ServletWebServerApplicationContext.refresh(ServletWebServerApplicationContext.java:146)
	at org.springframework.boot.SpringApplication.refresh(SpringApplication.java:753)
	at org.springframework.boot.SpringApplication.refreshContext(SpringApplication.java:455)
	at org.springframework.boot.SpringApplication.run(SpringApplication.java:323)
	at org.springframework.boot.SpringApplication.run(SpringApplication.java:1342)
	at org.springframework.boot.SpringApplication.run(SpringApplication.java:1331)
	at com.enterprise.framework.FrameworkApplication.main(FrameworkApplication.java:20)
2025-07-08 14:38:02 [main] INFO  c.c.f.f.i.provider.DefaultApplicationProvider - App ID is set to enterprise-framework by app.id property from /META-INF/app.properties
2025-07-08 14:38:02 [main] WARN  c.c.f.f.i.provider.DefaultApplicationProvider - app.label is not available from System Property and /META-INF/app.properties. It is set to null
2025-07-08 14:38:02 [main] INFO  c.c.f.f.internals.provider.DefaultServerProvider - Environment is set to null. Because it is not available in either (1) JVM system property 'env', (2) OS env variable 'ENV' nor (3) property 'env' from the properties InputStream.
2025-07-08 14:38:02 [main] INFO  c.c.f.apollo.internals.DefaultMetaServerProvider - Located meta services from apollo.meta configuration: http://localhost:8080!
2025-07-08 14:38:02 [main] INFO  com.ctrip.framework.apollo.core.MetaDomainConsts - Located meta server address http://localhost:8080 for env UNKNOWN from com.ctrip.framework.apollo.internals.DefaultMetaServerProvider
2025-07-08 14:38:02 [main] WARN  c.c.f.apollo.internals.LocalFileConfigRepository - Sync config from upstream repository class com.ctrip.framework.apollo.internals.RemoteConfigRepository failed, reason: Get config services failed from http://localhost:8080/services/config?appId=enterprise-framework&ip=192.168.2.90 [Cause: Could not complete get operation [Cause: Connection refused]]
2025-07-08 14:38:02 [main] WARN  c.c.f.apollo.internals.LocalFileConfigRepository - Sync config from upstream repository class com.ctrip.framework.apollo.internals.RemoteConfigRepository failed, reason: Get config services failed from http://localhost:8080/services/config?appId=enterprise-framework&ip=192.168.2.90 [Cause: Could not complete get operation [Cause: Connection refused]]
2025-07-08 14:38:02 [main] WARN  c.ctrip.framework.apollo.internals.DefaultConfig - Init Apollo Local Config failed - namespace: application, reason: Load config from local config failed! [Cause: Cannot read from local cache file /Users/clark/Documents/Projects/personal/java/sringboot-learn/target/classes/config-cache/enterprise-framework+default+application.properties].
2025-07-08 14:38:02 [main] WARN  c.c.f.apollo.internals.LocalFileConfigRepository - Sync config from upstream repository class com.ctrip.framework.apollo.internals.RemoteConfigRepository failed, reason: Get config services failed from http://localhost:8080/services/config?appId=enterprise-framework&ip=192.168.2.90 [Cause: Could not complete get operation [Cause: Connection refused]]
2025-07-08 14:38:02 [main] WARN  c.c.f.apollo.internals.LocalFileConfigRepository - Sync config from upstream repository class com.ctrip.framework.apollo.internals.RemoteConfigRepository failed, reason: Get config services failed from http://localhost:8080/services/config?appId=enterprise-framework&ip=192.168.2.90 [Cause: Could not complete get operation [Cause: Connection refused]]
2025-07-08 14:38:02 [main] WARN  c.ctrip.framework.apollo.internals.DefaultConfig - Init Apollo Local Config failed - namespace: database, reason: Load config from local config failed! [Cause: Cannot read from local cache file /Users/clark/Documents/Projects/personal/java/sringboot-learn/target/classes/config-cache/enterprise-framework+default+database.properties].
2025-07-08 14:38:02 [main] WARN  c.c.f.apollo.internals.LocalFileConfigRepository - Sync config from upstream repository class com.ctrip.framework.apollo.internals.RemoteConfigRepository failed, reason: Get config services failed from http://localhost:8080/services/config?appId=enterprise-framework&ip=192.168.2.90 [Cause: Could not complete get operation [Cause: Connection refused]]
2025-07-08 14:38:02 [main] WARN  c.c.f.apollo.internals.LocalFileConfigRepository - Sync config from upstream repository class com.ctrip.framework.apollo.internals.RemoteConfigRepository failed, reason: Get config services failed from http://localhost:8080/services/config?appId=enterprise-framework&ip=192.168.2.90 [Cause: Could not complete get operation [Cause: Connection refused]]
2025-07-08 14:38:02 [main] WARN  c.ctrip.framework.apollo.internals.DefaultConfig - Init Apollo Local Config failed - namespace: redis, reason: Load config from local config failed! [Cause: Cannot read from local cache file /Users/clark/Documents/Projects/personal/java/sringboot-learn/target/classes/config-cache/enterprise-framework+default+redis.properties].
2025-07-08 14:38:02 [main] WARN  c.c.f.apollo.internals.LocalFileConfigRepository - Sync config from upstream repository class com.ctrip.framework.apollo.internals.RemoteConfigRepository failed, reason: Get config services failed from http://localhost:8080/services/config?appId=enterprise-framework&ip=192.168.2.90 [Cause: Could not complete get operation [Cause: Connection refused]]
2025-07-08 14:38:02 [main] WARN  c.c.f.apollo.internals.LocalFileConfigRepository - Sync config from upstream repository class com.ctrip.framework.apollo.internals.RemoteConfigRepository failed, reason: Get config services failed from http://localhost:8080/services/config?appId=enterprise-framework&ip=192.168.2.90 [Cause: Could not complete get operation [Cause: Connection refused]]
2025-07-08 14:38:02 [main] WARN  c.ctrip.framework.apollo.internals.DefaultConfig - Init Apollo Local Config failed - namespace: rabbitmq, reason: Load config from local config failed! [Cause: Cannot read from local cache file /Users/clark/Documents/Projects/personal/java/sringboot-learn/target/classes/config-cache/enterprise-framework+default+rabbitmq.properties].
2025-07-08 14:38:02 [main] WARN  c.ctrip.framework.apollo.internals.DefaultConfig - Could not load config for namespace application from Apollo, please check whether the configs are released in Apollo! Return default value now!
2025-07-08 14:38:02 [main] WARN  c.ctrip.framework.apollo.internals.DefaultConfig - Could not load config for namespace database from Apollo, please check whether the configs are released in Apollo! Return default value now!
2025-07-08 14:38:02 [main] WARN  c.ctrip.framework.apollo.internals.DefaultConfig - Could not load config for namespace redis from Apollo, please check whether the configs are released in Apollo! Return default value now!
2025-07-08 14:38:02 [main] WARN  c.ctrip.framework.apollo.internals.DefaultConfig - Could not load config for namespace rabbitmq from Apollo, please check whether the configs are released in Apollo! Return default value now!
2025-07-08 14:38:02 [main] INFO  com.enterprise.framework.FrameworkApplication - Starting FrameworkApplication using Java 21.0.7 with PID 53888 (/Users/clark/Documents/Projects/personal/java/sringboot-learn/target/classes started by clark in /Users/clark/Documents/Projects/personal/java/sringboot-learn)
2025-07-08 14:38:02 [main] DEBUG com.enterprise.framework.FrameworkApplication - Running with Spring Boot v3.2.0, Spring v6.1.1
2025-07-08 14:38:02 [main] INFO  com.enterprise.framework.FrameworkApplication - The following 1 profile is active: "dev"
2025-07-08 14:38:03 [main] INFO  o.s.d.r.config.RepositoryConfigurationDelegate - Multiple Spring Data modules found, entering strict repository configuration mode
2025-07-08 14:38:03 [main] INFO  o.s.d.r.config.RepositoryConfigurationDelegate - Bootstrapping Spring Data Redis repositories in DEFAULT mode.
2025-07-08 14:38:03 [main] INFO  o.s.d.r.config.RepositoryConfigurationDelegate - Finished Spring Data repository scanning in 7 ms. Found 0 Redis repository interfaces.
2025-07-08 14:38:03 [main] WARN  o.s.b.w.s.c.AnnotationConfigServletWebServerApplicationContext - Exception encountered during context initialization - cancelling refresh attempt: java.lang.IllegalArgumentException: Invalid value type for attribute 'factoryBeanObjectType': java.lang.String
2025-07-08 14:38:03 [main] INFO  o.s.b.a.logging.ConditionEvaluationReportLogger - 

Error starting ApplicationContext. To display the condition evaluation report re-run your application with 'debug' enabled.
2025-07-08 14:38:03 [main] ERROR org.springframework.boot.SpringApplication - Application run failed
java.lang.IllegalArgumentException: Invalid value type for attribute 'factoryBeanObjectType': java.lang.String
	at org.springframework.beans.factory.support.FactoryBeanRegistrySupport.getTypeForFactoryBeanFromAttributes(FactoryBeanRegistrySupport.java:86)
	at org.springframework.beans.factory.support.AbstractAutowireCapableBeanFactory.getTypeForFactoryBean(AbstractAutowireCapableBeanFactory.java:838)
	at org.springframework.beans.factory.support.AbstractBeanFactory.isTypeMatch(AbstractBeanFactory.java:620)
	at org.springframework.beans.factory.support.DefaultListableBeanFactory.doGetBeanNamesForType(DefaultListableBeanFactory.java:573)
	at org.springframework.beans.factory.support.DefaultListableBeanFactory.getBeanNamesForType(DefaultListableBeanFactory.java:532)
	at org.springframework.context.support.PostProcessorRegistrationDelegate.invokeBeanFactoryPostProcessors(PostProcessorRegistrationDelegate.java:138)
	at org.springframework.context.support.AbstractApplicationContext.invokeBeanFactoryPostProcessors(AbstractApplicationContext.java:775)
	at org.springframework.context.support.AbstractApplicationContext.refresh(AbstractApplicationContext.java:597)
	at org.springframework.boot.web.servlet.context.ServletWebServerApplicationContext.refresh(ServletWebServerApplicationContext.java:146)
	at org.springframework.boot.SpringApplication.refresh(SpringApplication.java:753)
	at org.springframework.boot.SpringApplication.refreshContext(SpringApplication.java:455)
	at org.springframework.boot.SpringApplication.run(SpringApplication.java:323)
	at org.springframework.boot.SpringApplication.run(SpringApplication.java:1342)
	at org.springframework.boot.SpringApplication.run(SpringApplication.java:1331)
	at com.enterprise.framework.FrameworkApplication.main(FrameworkApplication.java:20)
