2025-08-01 14:55:01.069 [main] INFO  c.g.tles.casetransfer.CaseTransferApplication - Starting CaseTransferApplication using Java 21.0.7 with PID 22883 (/Users/clark/Documents/Projects/personal/java/dev3-framework/sringboot-learn/guanwei-tles-case-transfer/target/classes started by clark in /Users/clark/Documents/Projects/personal/java/dev3-framework/sringboot-learn/guanwei-tles-case-transfer)
2025-08-01 14:55:01.070 [main] DEBUG c.g.tles.casetransfer.CaseTransferApplication - Running with Spring Boot v3.2.12, Spring v6.1.15
2025-08-01 14:55:01.070 [main] INFO  c.g.tles.casetransfer.CaseTransferApplication - The following 1 profile is active: "dev"
2025-08-01 14:55:01.343 [main] WARN  o.s.b.w.s.c.AnnotationConfigServletWebServerApplicationContext - Exception encountered during context initialization - cancelling refresh attempt: org.springframework.beans.factory.support.BeanDefinitionOverrideException: Invalid bean definition with name 'mybatisPlusInterceptor' defined in class path resource [com/guanwei/framework/config/OracleConfig.class]: Cannot register bean definition [Root bean: class [null]; scope=; abstract=false; lazyInit=null; autowireMode=3; dependencyCheck=0; autowireCandidate=true; primary=false; factoryBeanName=com.guanwei.framework.config.OracleConfig; factoryMethodName=mybatisPlusInterceptor; initMethodNames=null; destroyMethodNames=[(inferred)]; defined in class path resource [com/guanwei/framework/config/OracleConfig.class]] for bean 'mybatisPlusInterceptor' since there is already [Root bean: class [null]; scope=; abstract=false; lazyInit=null; autowireMode=3; dependencyCheck=0; autowireCandidate=true; primary=false; factoryBeanName=com.guanwei.framework.config.MyBatisPlusConfig; factoryMethodName=mybatisPlusInterceptor; initMethodNames=null; destroyMethodNames=[(inferred)]; defined in class path resource [com/guanwei/framework/config/MyBatisPlusConfig.class]] bound.
2025-08-01 14:55:01.348 [main] INFO  o.s.b.a.logging.ConditionEvaluationReportLogger - 

Error starting ApplicationContext. To display the condition evaluation report re-run your application with 'debug' enabled.
2025-08-01 14:55:01.354 [main] ERROR o.s.b.diagnostics.LoggingFailureAnalysisReporter - 

***************************
APPLICATION FAILED TO START
***************************

Description:

The bean 'mybatisPlusInterceptor', defined in class path resource [com/guanwei/framework/config/OracleConfig.class], could not be registered. A bean with that name has already been defined in class path resource [com/guanwei/framework/config/MyBatisPlusConfig.class] and overriding is disabled.

Action:

Consider renaming one of the beans or enabling overriding by setting spring.main.allow-bean-definition-overriding=true

2025-08-01 14:55:35.810 [main] INFO  c.g.tles.casetransfer.CaseTransferApplication - Starting CaseTransferApplication using Java 21.0.7 with PID 22977 (/Users/clark/Documents/Projects/personal/java/dev3-framework/sringboot-learn/guanwei-tles-case-transfer/target/classes started by clark in /Users/clark/Documents/Projects/personal/java/dev3-framework/sringboot-learn/guanwei-tles-case-transfer)
2025-08-01 14:55:35.811 [main] DEBUG c.g.tles.casetransfer.CaseTransferApplication - Running with Spring Boot v3.2.12, Spring v6.1.15
2025-08-01 14:55:35.811 [main] INFO  c.g.tles.casetransfer.CaseTransferApplication - The following 1 profile is active: "dev"
2025-08-01 14:55:36.084 [main] WARN  o.s.b.w.s.c.AnnotationConfigServletWebServerApplicationContext - Exception encountered during context initialization - cancelling refresh attempt: org.springframework.beans.factory.support.BeanDefinitionOverrideException: Invalid bean definition with name 'mybatisPlusInterceptor' defined in class path resource [com/guanwei/framework/config/OracleConfig.class]: Cannot register bean definition [Root bean: class [null]; scope=; abstract=false; lazyInit=null; autowireMode=3; dependencyCheck=0; autowireCandidate=true; primary=false; factoryBeanName=com.guanwei.framework.config.OracleConfig; factoryMethodName=mybatisPlusInterceptor; initMethodNames=null; destroyMethodNames=[(inferred)]; defined in class path resource [com/guanwei/framework/config/OracleConfig.class]] for bean 'mybatisPlusInterceptor' since there is already [Root bean: class [null]; scope=; abstract=false; lazyInit=null; autowireMode=3; dependencyCheck=0; autowireCandidate=true; primary=false; factoryBeanName=com.guanwei.framework.config.MyBatisPlusConfig; factoryMethodName=mybatisPlusInterceptor; initMethodNames=null; destroyMethodNames=[(inferred)]; defined in class path resource [com/guanwei/framework/config/MyBatisPlusConfig.class]] bound.
2025-08-01 14:55:36.089 [main] INFO  o.s.b.a.logging.ConditionEvaluationReportLogger - 

Error starting ApplicationContext. To display the condition evaluation report re-run your application with 'debug' enabled.
2025-08-01 14:55:36.094 [main] ERROR o.s.b.diagnostics.LoggingFailureAnalysisReporter - 

***************************
APPLICATION FAILED TO START
***************************

Description:

The bean 'mybatisPlusInterceptor', defined in class path resource [com/guanwei/framework/config/OracleConfig.class], could not be registered. A bean with that name has already been defined in class path resource [com/guanwei/framework/config/MyBatisPlusConfig.class] and overriding is disabled.

Action:

Consider renaming one of the beans or enabling overriding by setting spring.main.allow-bean-definition-overriding=true

2025-08-01 14:56:17.752 [main] INFO  c.g.tles.casetransfer.CaseTransferApplication - Starting CaseTransferApplication using Java 21.0.7 with PID 23047 (/Users/clark/Documents/Projects/personal/java/dev3-framework/sringboot-learn/guanwei-tles-case-transfer/target/classes started by clark in /Users/clark/Documents/Projects/personal/java/dev3-framework/sringboot-learn/guanwei-tles-case-transfer)
2025-08-01 14:56:17.753 [main] DEBUG c.g.tles.casetransfer.CaseTransferApplication - Running with Spring Boot v3.2.12, Spring v6.1.15
2025-08-01 14:56:17.753 [main] INFO  c.g.tles.casetransfer.CaseTransferApplication - The following 1 profile is active: "dev"
2025-08-01 14:56:18.035 [main] WARN  o.s.b.w.s.c.AnnotationConfigServletWebServerApplicationContext - Exception encountered during context initialization - cancelling refresh attempt: org.springframework.beans.factory.support.BeanDefinitionOverrideException: Invalid bean definition with name 'mybatisPlusInterceptor' defined in class path resource [com/guanwei/framework/config/OracleConfig.class]: Cannot register bean definition [Root bean: class [null]; scope=; abstract=false; lazyInit=null; autowireMode=3; dependencyCheck=0; autowireCandidate=true; primary=false; factoryBeanName=com.guanwei.framework.config.OracleConfig; factoryMethodName=mybatisPlusInterceptor; initMethodNames=null; destroyMethodNames=[(inferred)]; defined in class path resource [com/guanwei/framework/config/OracleConfig.class]] for bean 'mybatisPlusInterceptor' since there is already [Root bean: class [null]; scope=; abstract=false; lazyInit=null; autowireMode=3; dependencyCheck=0; autowireCandidate=true; primary=false; factoryBeanName=com.guanwei.framework.config.MyBatisPlusConfig; factoryMethodName=mybatisPlusInterceptor; initMethodNames=null; destroyMethodNames=[(inferred)]; defined in class path resource [com/guanwei/framework/config/MyBatisPlusConfig.class]] bound.
2025-08-01 14:56:18.039 [main] INFO  o.s.b.a.logging.ConditionEvaluationReportLogger - 

Error starting ApplicationContext. To display the condition evaluation report re-run your application with 'debug' enabled.
2025-08-01 14:56:18.045 [main] ERROR o.s.b.diagnostics.LoggingFailureAnalysisReporter - 

***************************
APPLICATION FAILED TO START
***************************

Description:

The bean 'mybatisPlusInterceptor', defined in class path resource [com/guanwei/framework/config/OracleConfig.class], could not be registered. A bean with that name has already been defined in class path resource [com/guanwei/framework/config/MyBatisPlusConfig.class] and overriding is disabled.

Action:

Consider renaming one of the beans or enabling overriding by setting spring.main.allow-bean-definition-overriding=true

2025-08-01 14:56:57.168 [main] INFO  c.g.tles.casetransfer.CaseTransferApplication - Starting CaseTransferApplication using Java 21.0.7 with PID 23148 (/Users/clark/Documents/Projects/personal/java/dev3-framework/sringboot-learn/guanwei-tles-case-transfer/target/classes started by clark in /Users/clark/Documents/Projects/personal/java/dev3-framework/sringboot-learn/guanwei-tles-case-transfer)
2025-08-01 14:56:57.169 [main] DEBUG c.g.tles.casetransfer.CaseTransferApplication - Running with Spring Boot v3.2.12, Spring v6.1.15
2025-08-01 14:56:57.169 [main] INFO  c.g.tles.casetransfer.CaseTransferApplication - The following 1 profile is active: "dev"
2025-08-01 14:56:57.513 [main] WARN  o.s.b.w.s.c.AnnotationConfigServletWebServerApplicationContext - Exception encountered during context initialization - cancelling refresh attempt: org.springframework.beans.factory.support.BeanDefinitionOverrideException: Invalid bean definition with name 'mybatisPlusInterceptor' defined in class path resource [com/guanwei/framework/config/OracleConfig.class]: Cannot register bean definition [Root bean: class [null]; scope=; abstract=false; lazyInit=null; autowireMode=3; dependencyCheck=0; autowireCandidate=true; primary=false; factoryBeanName=com.guanwei.framework.config.OracleConfig; factoryMethodName=mybatisPlusInterceptor; initMethodNames=null; destroyMethodNames=[(inferred)]; defined in class path resource [com/guanwei/framework/config/OracleConfig.class]] for bean 'mybatisPlusInterceptor' since there is already [Root bean: class [null]; scope=; abstract=false; lazyInit=null; autowireMode=3; dependencyCheck=0; autowireCandidate=true; primary=false; factoryBeanName=com.guanwei.framework.config.MyBatisPlusConfig; factoryMethodName=mybatisPlusInterceptor; initMethodNames=null; destroyMethodNames=[(inferred)]; defined in class path resource [com/guanwei/framework/config/MyBatisPlusConfig.class]] bound.
2025-08-01 14:56:57.518 [main] INFO  o.s.b.a.logging.ConditionEvaluationReportLogger - 

Error starting ApplicationContext. To display the condition evaluation report re-run your application with 'debug' enabled.
2025-08-01 14:56:57.525 [main] ERROR o.s.b.diagnostics.LoggingFailureAnalysisReporter - 

***************************
APPLICATION FAILED TO START
***************************

Description:

The bean 'mybatisPlusInterceptor', defined in class path resource [com/guanwei/framework/config/OracleConfig.class], could not be registered. A bean with that name has already been defined in class path resource [com/guanwei/framework/config/MyBatisPlusConfig.class] and overriding is disabled.

Action:

Consider renaming one of the beans or enabling overriding by setting spring.main.allow-bean-definition-overriding=true

2025-08-01 14:57:15.983 [main] INFO  c.g.tles.casetransfer.CaseTransferApplication - Starting CaseTransferApplication using Java 21.0.7 with PID 23250 (/Users/clark/Documents/Projects/personal/java/dev3-framework/sringboot-learn/guanwei-tles-case-transfer/target/classes started by clark in /Users/clark/Documents/Projects/personal/java/dev3-framework/sringboot-learn/guanwei-tles-case-transfer)
2025-08-01 14:57:15.983 [main] DEBUG c.g.tles.casetransfer.CaseTransferApplication - Running with Spring Boot v3.2.12, Spring v6.1.15
2025-08-01 14:57:15.983 [main] INFO  c.g.tles.casetransfer.CaseTransferApplication - The following 1 profile is active: "dev"
2025-08-01 14:57:16.302 [main] WARN  o.s.b.w.s.c.AnnotationConfigServletWebServerApplicationContext - Exception encountered during context initialization - cancelling refresh attempt: org.springframework.beans.factory.support.BeanDefinitionOverrideException: Invalid bean definition with name 'mybatisPlusInterceptor' defined in class path resource [com/guanwei/framework/config/OracleConfig.class]: Cannot register bean definition [Root bean: class [null]; scope=; abstract=false; lazyInit=null; autowireMode=3; dependencyCheck=0; autowireCandidate=true; primary=false; factoryBeanName=com.guanwei.framework.config.OracleConfig; factoryMethodName=mybatisPlusInterceptor; initMethodNames=null; destroyMethodNames=[(inferred)]; defined in class path resource [com/guanwei/framework/config/OracleConfig.class]] for bean 'mybatisPlusInterceptor' since there is already [Root bean: class [null]; scope=; abstract=false; lazyInit=null; autowireMode=3; dependencyCheck=0; autowireCandidate=true; primary=false; factoryBeanName=com.guanwei.framework.config.MyBatisPlusConfig; factoryMethodName=mybatisPlusInterceptor; initMethodNames=null; destroyMethodNames=[(inferred)]; defined in class path resource [com/guanwei/framework/config/MyBatisPlusConfig.class]] bound.
2025-08-01 14:57:16.307 [main] INFO  o.s.b.a.logging.ConditionEvaluationReportLogger - 

Error starting ApplicationContext. To display the condition evaluation report re-run your application with 'debug' enabled.
2025-08-01 14:57:16.314 [main] ERROR o.s.b.diagnostics.LoggingFailureAnalysisReporter - 

***************************
APPLICATION FAILED TO START
***************************

Description:

The bean 'mybatisPlusInterceptor', defined in class path resource [com/guanwei/framework/config/OracleConfig.class], could not be registered. A bean with that name has already been defined in class path resource [com/guanwei/framework/config/MyBatisPlusConfig.class] and overriding is disabled.

Action:

Consider renaming one of the beans or enabling overriding by setting spring.main.allow-bean-definition-overriding=true

2025-08-01 14:57:48.828 [main] INFO  c.g.tles.casetransfer.CaseTransferApplication - Starting CaseTransferApplication using Java 21.0.7 with PID 23315 (/Users/clark/Documents/Projects/personal/java/dev3-framework/sringboot-learn/guanwei-tles-case-transfer/target/classes started by clark in /Users/clark/Documents/Projects/personal/java/dev3-framework/sringboot-learn/guanwei-tles-case-transfer)
2025-08-01 14:57:48.828 [main] DEBUG c.g.tles.casetransfer.CaseTransferApplication - Running with Spring Boot v3.2.12, Spring v6.1.15
2025-08-01 14:57:48.828 [main] INFO  c.g.tles.casetransfer.CaseTransferApplication - The following 1 profile is active: "dev"
2025-08-01 14:57:49.103 [main] WARN  o.s.b.w.s.c.AnnotationConfigServletWebServerApplicationContext - Exception encountered during context initialization - cancelling refresh attempt: org.springframework.beans.factory.support.BeanDefinitionOverrideException: Invalid bean definition with name 'mybatisPlusInterceptor' defined in class path resource [com/guanwei/framework/config/OracleConfig.class]: Cannot register bean definition [Root bean: class [null]; scope=; abstract=false; lazyInit=null; autowireMode=3; dependencyCheck=0; autowireCandidate=true; primary=false; factoryBeanName=com.guanwei.framework.config.OracleConfig; factoryMethodName=mybatisPlusInterceptor; initMethodNames=null; destroyMethodNames=[(inferred)]; defined in class path resource [com/guanwei/framework/config/OracleConfig.class]] for bean 'mybatisPlusInterceptor' since there is already [Root bean: class [null]; scope=; abstract=false; lazyInit=null; autowireMode=3; dependencyCheck=0; autowireCandidate=true; primary=false; factoryBeanName=com.guanwei.framework.config.MyBatisPlusConfig; factoryMethodName=mybatisPlusInterceptor; initMethodNames=null; destroyMethodNames=[(inferred)]; defined in class path resource [com/guanwei/framework/config/MyBatisPlusConfig.class]] bound.
2025-08-01 14:57:49.107 [main] INFO  o.s.b.a.logging.ConditionEvaluationReportLogger - 

Error starting ApplicationContext. To display the condition evaluation report re-run your application with 'debug' enabled.
2025-08-01 14:57:49.113 [main] ERROR o.s.b.diagnostics.LoggingFailureAnalysisReporter - 

***************************
APPLICATION FAILED TO START
***************************

Description:

The bean 'mybatisPlusInterceptor', defined in class path resource [com/guanwei/framework/config/OracleConfig.class], could not be registered. A bean with that name has already been defined in class path resource [com/guanwei/framework/config/MyBatisPlusConfig.class] and overriding is disabled.

Action:

Consider renaming one of the beans or enabling overriding by setting spring.main.allow-bean-definition-overriding=true

2025-08-01 14:58:14.271 [main] INFO  c.g.tles.casetransfer.CaseTransferApplication - Starting CaseTransferApplication using Java 21.0.7 with PID 23376 (/Users/clark/Documents/Projects/personal/java/dev3-framework/sringboot-learn/guanwei-tles-case-transfer/target/classes started by clark in /Users/clark/Documents/Projects/personal/java/dev3-framework/sringboot-learn/guanwei-tles-case-transfer)
2025-08-01 14:58:14.271 [main] DEBUG c.g.tles.casetransfer.CaseTransferApplication - Running with Spring Boot v3.2.12, Spring v6.1.15
2025-08-01 14:58:14.272 [main] INFO  c.g.tles.casetransfer.CaseTransferApplication - The following 1 profile is active: "dev"
2025-08-01 14:58:14.661 [main] INFO  o.s.d.r.config.RepositoryConfigurationDelegate - Multiple Spring Data modules found, entering strict repository configuration mode
2025-08-01 14:58:14.661 [main] INFO  o.s.d.r.config.RepositoryConfigurationDelegate - Bootstrapping Spring Data MongoDB repositories in DEFAULT mode.
2025-08-01 14:58:14.716 [main] INFO  o.s.d.r.config.RepositoryConfigurationDelegate - Finished Spring Data repository scanning in 53 ms. Found 1 MongoDB repository interface.
2025-08-01 14:58:14.722 [main] INFO  o.s.d.r.config.RepositoryConfigurationDelegate - Multiple Spring Data modules found, entering strict repository configuration mode
2025-08-01 14:58:14.723 [main] INFO  o.s.d.r.config.RepositoryConfigurationDelegate - Bootstrapping Spring Data Redis repositories in DEFAULT mode.
2025-08-01 14:58:14.729 [main] INFO  o.s.d.r.c.RepositoryConfigurationExtensionSupport - Spring Data Redis - Could not safely identify store assignment for repository candidate interface com.guanwei.tles.casetransfer.repository.CaseRepository; If you want this repository to be a Redis repository, consider annotating your entities with one of these annotations: org.springframework.data.redis.core.RedisHash (preferred), or consider extending one of the following types with your repository: org.springframework.data.keyvalue.repository.KeyValueRepository
2025-08-01 14:58:14.729 [main] INFO  o.s.d.r.config.RepositoryConfigurationDelegate - Finished Spring Data repository scanning in 2 ms. Found 0 Redis repository interfaces.
2025-08-01 14:58:14.776 [main] DEBUG org.mybatis.spring.mapper.ClassPathMapperScanner - Identified candidate component class: file [/Users/clark/Documents/Projects/personal/java/dev3-framework/sringboot-learn/guanwei-tles-case-transfer/target/classes/com/guanwei/tles/casetransfer/mapper/oracle/CaseMapper.class]
2025-08-01 14:58:14.776 [main] DEBUG org.mybatis.spring.mapper.ClassPathMapperScanner - Creating MapperFactoryBean with name 'caseMapper' and 'com.guanwei.tles.casetransfer.mapper.oracle.CaseMapper' mapperInterface
2025-08-01 14:58:14.837 [main] WARN  o.s.b.w.s.c.AnnotationConfigServletWebServerApplicationContext - Exception encountered during context initialization - cancelling refresh attempt: org.springframework.beans.factory.BeanDefinitionStoreException: Invalid bean definition with name 'caseMapper' defined in file [/Users/clark/Documents/Projects/personal/java/dev3-framework/sringboot-learn/guanwei-tles-case-transfer/target/classes/com/guanwei/tles/casetransfer/mapper/oracle/CaseMapper.class]: Invalid value type for attribute 'factoryBeanObjectType': java.lang.String
2025-08-01 14:58:14.845 [main] INFO  o.s.b.a.logging.ConditionEvaluationReportLogger - 

Error starting ApplicationContext. To display the condition evaluation report re-run your application with 'debug' enabled.
2025-08-01 14:58:14.852 [main] ERROR org.springframework.boot.SpringApplication - Application run failed
org.springframework.beans.factory.BeanDefinitionStoreException: Invalid bean definition with name 'caseMapper' defined in file [/Users/clark/Documents/Projects/personal/java/dev3-framework/sringboot-learn/guanwei-tles-case-transfer/target/classes/com/guanwei/tles/casetransfer/mapper/oracle/CaseMapper.class]: Invalid value type for attribute 'factoryBeanObjectType': java.lang.String
	at org.springframework.beans.factory.support.AbstractAutowireCapableBeanFactory.getTypeForFactoryBean(AbstractAutowireCapableBeanFactory.java:857)
	at org.springframework.beans.factory.support.AbstractBeanFactory.getType(AbstractBeanFactory.java:743)
	at org.springframework.beans.factory.support.DefaultListableBeanFactory.findAnnotationOnBean(DefaultListableBeanFactory.java:735)
	at org.springframework.boot.sql.init.dependency.AnnotationDependsOnDatabaseInitializationDetector.detect(AnnotationDependsOnDatabaseInitializationDetector.java:36)
	at org.springframework.boot.sql.init.dependency.DatabaseInitializationDependencyConfigurer$DependsOnDatabaseInitializationPostProcessor.detectDependsOnInitializationBeanNames(DatabaseInitializationDependencyConfigurer.java:152)
	at org.springframework.boot.sql.init.dependency.DatabaseInitializationDependencyConfigurer$DependsOnDatabaseInitializationPostProcessor.postProcessBeanFactory(DatabaseInitializationDependencyConfigurer.java:115)
	at org.springframework.context.support.PostProcessorRegistrationDelegate.invokeBeanFactoryPostProcessors(PostProcessorRegistrationDelegate.java:363)
	at org.springframework.context.support.PostProcessorRegistrationDelegate.invokeBeanFactoryPostProcessors(PostProcessorRegistrationDelegate.java:197)
	at org.springframework.context.support.AbstractApplicationContext.invokeBeanFactoryPostProcessors(AbstractApplicationContext.java:789)
	at org.springframework.context.support.AbstractApplicationContext.refresh(AbstractApplicationContext.java:607)
	at org.springframework.boot.web.servlet.context.ServletWebServerApplicationContext.refresh(ServletWebServerApplicationContext.java:146)
	at org.springframework.boot.SpringApplication.refresh(SpringApplication.java:754)
	at org.springframework.boot.SpringApplication.refreshContext(SpringApplication.java:456)
	at org.springframework.boot.SpringApplication.run(SpringApplication.java:335)
	at org.springframework.boot.SpringApplication.run(SpringApplication.java:1363)
	at org.springframework.boot.SpringApplication.run(SpringApplication.java:1352)
	at com.guanwei.tles.casetransfer.CaseTransferApplication.main(CaseTransferApplication.java:16)
2025-08-01 14:59:34.186 [main] INFO  c.g.tles.casetransfer.CaseTransferApplication - Starting CaseTransferApplication using Java 21.0.7 with PID 23471 (/Users/clark/Documents/Projects/personal/java/dev3-framework/sringboot-learn/guanwei-tles-case-transfer/target/classes started by clark in /Users/clark/Documents/Projects/personal/java/dev3-framework/sringboot-learn/guanwei-tles-case-transfer)
2025-08-01 14:59:34.186 [main] DEBUG c.g.tles.casetransfer.CaseTransferApplication - Running with Spring Boot v3.2.12, Spring v6.1.15
2025-08-01 14:59:34.187 [main] INFO  c.g.tles.casetransfer.CaseTransferApplication - The following 1 profile is active: "dev"
2025-08-01 14:59:34.615 [main] INFO  o.s.d.r.config.RepositoryConfigurationDelegate - Multiple Spring Data modules found, entering strict repository configuration mode
2025-08-01 14:59:34.616 [main] INFO  o.s.d.r.config.RepositoryConfigurationDelegate - Bootstrapping Spring Data MongoDB repositories in DEFAULT mode.
2025-08-01 14:59:34.666 [main] INFO  o.s.d.r.config.RepositoryConfigurationDelegate - Finished Spring Data repository scanning in 48 ms. Found 1 MongoDB repository interface.
2025-08-01 14:59:34.671 [main] INFO  o.s.d.r.config.RepositoryConfigurationDelegate - Multiple Spring Data modules found, entering strict repository configuration mode
2025-08-01 14:59:34.672 [main] INFO  o.s.d.r.config.RepositoryConfigurationDelegate - Bootstrapping Spring Data Redis repositories in DEFAULT mode.
2025-08-01 14:59:34.677 [main] INFO  o.s.d.r.c.RepositoryConfigurationExtensionSupport - Spring Data Redis - Could not safely identify store assignment for repository candidate interface com.guanwei.tles.casetransfer.repository.CaseRepository; If you want this repository to be a Redis repository, consider annotating your entities with one of these annotations: org.springframework.data.redis.core.RedisHash (preferred), or consider extending one of the following types with your repository: org.springframework.data.keyvalue.repository.KeyValueRepository
2025-08-01 14:59:34.677 [main] INFO  o.s.d.r.config.RepositoryConfigurationDelegate - Finished Spring Data repository scanning in 2 ms. Found 0 Redis repository interfaces.
2025-08-01 14:59:34.720 [main] DEBUG org.mybatis.spring.mapper.ClassPathMapperScanner - Identified candidate component class: file [/Users/clark/Documents/Projects/personal/java/dev3-framework/sringboot-learn/guanwei-tles-case-transfer/target/classes/com/guanwei/tles/casetransfer/mapper/oracle/CaseMapper.class]
2025-08-01 14:59:34.720 [main] DEBUG org.mybatis.spring.mapper.ClassPathMapperScanner - Creating MapperFactoryBean with name 'caseMapper' and 'com.guanwei.tles.casetransfer.mapper.oracle.CaseMapper' mapperInterface
2025-08-01 14:59:34.775 [main] WARN  o.s.b.w.s.c.AnnotationConfigServletWebServerApplicationContext - Exception encountered during context initialization - cancelling refresh attempt: org.springframework.beans.factory.BeanDefinitionStoreException: Invalid bean definition with name 'caseMapper' defined in file [/Users/clark/Documents/Projects/personal/java/dev3-framework/sringboot-learn/guanwei-tles-case-transfer/target/classes/com/guanwei/tles/casetransfer/mapper/oracle/CaseMapper.class]: Invalid value type for attribute 'factoryBeanObjectType': java.lang.String
2025-08-01 14:59:34.781 [main] INFO  o.s.b.a.logging.ConditionEvaluationReportLogger - 

Error starting ApplicationContext. To display the condition evaluation report re-run your application with 'debug' enabled.
2025-08-01 14:59:34.788 [main] ERROR org.springframework.boot.SpringApplication - Application run failed
org.springframework.beans.factory.BeanDefinitionStoreException: Invalid bean definition with name 'caseMapper' defined in file [/Users/clark/Documents/Projects/personal/java/dev3-framework/sringboot-learn/guanwei-tles-case-transfer/target/classes/com/guanwei/tles/casetransfer/mapper/oracle/CaseMapper.class]: Invalid value type for attribute 'factoryBeanObjectType': java.lang.String
	at org.springframework.beans.factory.support.AbstractAutowireCapableBeanFactory.getTypeForFactoryBean(AbstractAutowireCapableBeanFactory.java:857)
	at org.springframework.beans.factory.support.AbstractBeanFactory.getType(AbstractBeanFactory.java:743)
	at org.springframework.beans.factory.support.DefaultListableBeanFactory.findAnnotationOnBean(DefaultListableBeanFactory.java:735)
	at org.springframework.boot.sql.init.dependency.AnnotationDependsOnDatabaseInitializationDetector.detect(AnnotationDependsOnDatabaseInitializationDetector.java:36)
	at org.springframework.boot.sql.init.dependency.DatabaseInitializationDependencyConfigurer$DependsOnDatabaseInitializationPostProcessor.detectDependsOnInitializationBeanNames(DatabaseInitializationDependencyConfigurer.java:152)
	at org.springframework.boot.sql.init.dependency.DatabaseInitializationDependencyConfigurer$DependsOnDatabaseInitializationPostProcessor.postProcessBeanFactory(DatabaseInitializationDependencyConfigurer.java:115)
	at org.springframework.context.support.PostProcessorRegistrationDelegate.invokeBeanFactoryPostProcessors(PostProcessorRegistrationDelegate.java:363)
	at org.springframework.context.support.PostProcessorRegistrationDelegate.invokeBeanFactoryPostProcessors(PostProcessorRegistrationDelegate.java:197)
	at org.springframework.context.support.AbstractApplicationContext.invokeBeanFactoryPostProcessors(AbstractApplicationContext.java:789)
	at org.springframework.context.support.AbstractApplicationContext.refresh(AbstractApplicationContext.java:607)
	at org.springframework.boot.web.servlet.context.ServletWebServerApplicationContext.refresh(ServletWebServerApplicationContext.java:146)
	at org.springframework.boot.SpringApplication.refresh(SpringApplication.java:754)
	at org.springframework.boot.SpringApplication.refreshContext(SpringApplication.java:456)
	at org.springframework.boot.SpringApplication.run(SpringApplication.java:335)
	at org.springframework.boot.SpringApplication.run(SpringApplication.java:1363)
	at org.springframework.boot.SpringApplication.run(SpringApplication.java:1352)
	at com.guanwei.tles.casetransfer.CaseTransferApplication.main(CaseTransferApplication.java:16)
2025-08-01 15:00:24.569 [main] INFO  c.g.tles.casetransfer.CaseTransferApplication - Starting CaseTransferApplication using Java 21.0.7 with PID 23558 (/Users/clark/Documents/Projects/personal/java/dev3-framework/sringboot-learn/guanwei-tles-case-transfer/target/classes started by clark in /Users/clark/Documents/Projects/personal/java/dev3-framework/sringboot-learn/guanwei-tles-case-transfer)
2025-08-01 15:00:24.570 [main] DEBUG c.g.tles.casetransfer.CaseTransferApplication - Running with Spring Boot v3.2.12, Spring v6.1.15
2025-08-01 15:00:24.570 [main] INFO  c.g.tles.casetransfer.CaseTransferApplication - The following 1 profile is active: "dev"
2025-08-01 15:00:25.077 [main] INFO  o.s.d.r.config.RepositoryConfigurationDelegate - Multiple Spring Data modules found, entering strict repository configuration mode
2025-08-01 15:00:25.078 [main] INFO  o.s.d.r.config.RepositoryConfigurationDelegate - Bootstrapping Spring Data MongoDB repositories in DEFAULT mode.
2025-08-01 15:00:25.128 [main] INFO  o.s.d.r.config.RepositoryConfigurationDelegate - Finished Spring Data repository scanning in 49 ms. Found 1 MongoDB repository interface.
2025-08-01 15:00:25.134 [main] INFO  o.s.d.r.config.RepositoryConfigurationDelegate - Multiple Spring Data modules found, entering strict repository configuration mode
2025-08-01 15:00:25.134 [main] INFO  o.s.d.r.config.RepositoryConfigurationDelegate - Bootstrapping Spring Data Redis repositories in DEFAULT mode.
2025-08-01 15:00:25.139 [main] INFO  o.s.d.r.c.RepositoryConfigurationExtensionSupport - Spring Data Redis - Could not safely identify store assignment for repository candidate interface com.guanwei.tles.casetransfer.repository.CaseRepository; If you want this repository to be a Redis repository, consider annotating your entities with one of these annotations: org.springframework.data.redis.core.RedisHash (preferred), or consider extending one of the following types with your repository: org.springframework.data.keyvalue.repository.KeyValueRepository
2025-08-01 15:00:25.139 [main] INFO  o.s.d.r.config.RepositoryConfigurationDelegate - Finished Spring Data repository scanning in 2 ms. Found 0 Redis repository interfaces.
2025-08-01 15:00:25.184 [main] DEBUG org.mybatis.spring.mapper.ClassPathMapperScanner - Identified candidate component class: file [/Users/clark/Documents/Projects/personal/java/dev3-framework/sringboot-learn/guanwei-tles-case-transfer/target/classes/com/guanwei/tles/casetransfer/mapper/oracle/CaseMapper.class]
2025-08-01 15:00:25.184 [main] DEBUG org.mybatis.spring.mapper.ClassPathMapperScanner - Creating MapperFactoryBean with name 'caseMapper' and 'com.guanwei.tles.casetransfer.mapper.oracle.CaseMapper' mapperInterface
2025-08-01 15:00:25.242 [main] WARN  o.s.b.w.s.c.AnnotationConfigServletWebServerApplicationContext - Exception encountered during context initialization - cancelling refresh attempt: org.springframework.beans.factory.BeanDefinitionStoreException: Invalid bean definition with name 'caseMapper' defined in file [/Users/clark/Documents/Projects/personal/java/dev3-framework/sringboot-learn/guanwei-tles-case-transfer/target/classes/com/guanwei/tles/casetransfer/mapper/oracle/CaseMapper.class]: Invalid value type for attribute 'factoryBeanObjectType': java.lang.String
2025-08-01 15:00:25.248 [main] INFO  o.s.b.a.logging.ConditionEvaluationReportLogger - 

Error starting ApplicationContext. To display the condition evaluation report re-run your application with 'debug' enabled.
2025-08-01 15:00:25.255 [main] ERROR org.springframework.boot.SpringApplication - Application run failed
org.springframework.beans.factory.BeanDefinitionStoreException: Invalid bean definition with name 'caseMapper' defined in file [/Users/clark/Documents/Projects/personal/java/dev3-framework/sringboot-learn/guanwei-tles-case-transfer/target/classes/com/guanwei/tles/casetransfer/mapper/oracle/CaseMapper.class]: Invalid value type for attribute 'factoryBeanObjectType': java.lang.String
	at org.springframework.beans.factory.support.AbstractAutowireCapableBeanFactory.getTypeForFactoryBean(AbstractAutowireCapableBeanFactory.java:857)
	at org.springframework.beans.factory.support.AbstractBeanFactory.getType(AbstractBeanFactory.java:743)
	at org.springframework.beans.factory.support.DefaultListableBeanFactory.findAnnotationOnBean(DefaultListableBeanFactory.java:735)
	at org.springframework.boot.sql.init.dependency.AnnotationDependsOnDatabaseInitializationDetector.detect(AnnotationDependsOnDatabaseInitializationDetector.java:36)
	at org.springframework.boot.sql.init.dependency.DatabaseInitializationDependencyConfigurer$DependsOnDatabaseInitializationPostProcessor.detectDependsOnInitializationBeanNames(DatabaseInitializationDependencyConfigurer.java:152)
	at org.springframework.boot.sql.init.dependency.DatabaseInitializationDependencyConfigurer$DependsOnDatabaseInitializationPostProcessor.postProcessBeanFactory(DatabaseInitializationDependencyConfigurer.java:115)
	at org.springframework.context.support.PostProcessorRegistrationDelegate.invokeBeanFactoryPostProcessors(PostProcessorRegistrationDelegate.java:363)
	at org.springframework.context.support.PostProcessorRegistrationDelegate.invokeBeanFactoryPostProcessors(PostProcessorRegistrationDelegate.java:197)
	at org.springframework.context.support.AbstractApplicationContext.invokeBeanFactoryPostProcessors(AbstractApplicationContext.java:789)
	at org.springframework.context.support.AbstractApplicationContext.refresh(AbstractApplicationContext.java:607)
	at org.springframework.boot.web.servlet.context.ServletWebServerApplicationContext.refresh(ServletWebServerApplicationContext.java:146)
	at org.springframework.boot.SpringApplication.refresh(SpringApplication.java:754)
	at org.springframework.boot.SpringApplication.refreshContext(SpringApplication.java:456)
	at org.springframework.boot.SpringApplication.run(SpringApplication.java:335)
	at org.springframework.boot.SpringApplication.run(SpringApplication.java:1363)
	at org.springframework.boot.SpringApplication.run(SpringApplication.java:1352)
	at com.guanwei.tles.casetransfer.CaseTransferApplication.main(CaseTransferApplication.java:16)
2025-08-01 15:00:55.654 [main] INFO  c.g.tles.casetransfer.CaseTransferApplication - Starting CaseTransferApplication using Java 21.0.7 with PID 23680 (/Users/clark/Documents/Projects/personal/java/dev3-framework/sringboot-learn/guanwei-tles-case-transfer/target/classes started by clark in /Users/clark/Documents/Projects/personal/java/dev3-framework/sringboot-learn/guanwei-tles-case-transfer)
2025-08-01 15:00:55.654 [main] DEBUG c.g.tles.casetransfer.CaseTransferApplication - Running with Spring Boot v3.2.12, Spring v6.1.15
2025-08-01 15:00:55.654 [main] INFO  c.g.tles.casetransfer.CaseTransferApplication - The following 1 profile is active: "dev"
2025-08-01 15:00:56.073 [main] INFO  o.s.d.r.config.RepositoryConfigurationDelegate - Multiple Spring Data modules found, entering strict repository configuration mode
2025-08-01 15:00:56.074 [main] INFO  o.s.d.r.config.RepositoryConfigurationDelegate - Bootstrapping Spring Data MongoDB repositories in DEFAULT mode.
2025-08-01 15:00:56.121 [main] INFO  o.s.d.r.config.RepositoryConfigurationDelegate - Finished Spring Data repository scanning in 46 ms. Found 1 MongoDB repository interface.
2025-08-01 15:00:56.126 [main] INFO  o.s.d.r.config.RepositoryConfigurationDelegate - Multiple Spring Data modules found, entering strict repository configuration mode
2025-08-01 15:00:56.127 [main] INFO  o.s.d.r.config.RepositoryConfigurationDelegate - Bootstrapping Spring Data Redis repositories in DEFAULT mode.
2025-08-01 15:00:56.132 [main] INFO  o.s.d.r.c.RepositoryConfigurationExtensionSupport - Spring Data Redis - Could not safely identify store assignment for repository candidate interface com.guanwei.tles.casetransfer.repository.CaseRepository; If you want this repository to be a Redis repository, consider annotating your entities with one of these annotations: org.springframework.data.redis.core.RedisHash (preferred), or consider extending one of the following types with your repository: org.springframework.data.keyvalue.repository.KeyValueRepository
2025-08-01 15:00:56.132 [main] INFO  o.s.d.r.config.RepositoryConfigurationDelegate - Finished Spring Data repository scanning in 2 ms. Found 0 Redis repository interfaces.
2025-08-01 15:00:56.172 [main] WARN  org.mybatis.spring.mapper.ClassPathMapperScanner - No MyBatis mapper was found in '[com.guanwei.tles.casetransfer]' package. Please check your configuration.
2025-08-01 15:00:56.379 [main] INFO  o.s.boot.web.embedded.tomcat.TomcatWebServer - Tomcat initialized with port 8083 (http)
2025-08-01 15:00:56.386 [main] INFO  org.apache.catalina.core.StandardService - Starting service [Tomcat]
2025-08-01 15:00:56.386 [main] INFO  org.apache.catalina.core.StandardEngine - Starting Servlet engine: [Apache Tomcat/10.1.33]
2025-08-01 15:00:56.412 [main] INFO  o.a.c.c.C.[Tomcat].[localhost].[/case-transfer] - Initializing Spring embedded WebApplicationContext
2025-08-01 15:00:56.413 [main] INFO  o.s.b.w.s.c.ServletWebServerApplicationContext - Root WebApplicationContext: initialization completed in 744 ms
2025-08-01 15:00:56.477 [main] DEBUG o.s.web.filter.ServerHttpObservationFilter - Filter 'webMvcObservationFilter' configured for use
2025-08-01 15:00:56.477 [main] DEBUG o.s.web.servlet.resource.ResourceUrlEncodingFilter - Filter 'resourceUrlEncodingFilter' configured for use
2025-08-01 15:00:56.547 [main] INFO  org.mongodb.driver.client - MongoClient with metadata {"driver": {"name": "mongo-java-driver|sync|spring-boot", "version": "4.11.5"}, "os": {"type": "Darwin", "name": "Mac OS X", "architecture": "aarch64", "version": "15.5"}, "platform": "Java/Azul Systems, Inc./21.0.7+6-LTS"} created with settings MongoClientSettings{readPreference=primary, writeConcern=WriteConcern{w=null, wTimeout=null ms, journal=null}, retryWrites=true, retryReads=true, readConcern=ReadConcern{level=null}, credential=MongoCredential{mechanism=null, userName='admin', source='admin', password=<hidden>, mechanismProperties=<hidden>}, transportSettings=null, streamFactoryFactory=null, commandListeners=[io.micrometer.core.instrument.binder.mongodb.MongoMetricsCommandListener@464a3430], codecRegistry=ProvidersCodecRegistry{codecProviders=[ValueCodecProvider{}, BsonValueCodecProvider{}, DBRefCodecProvider{}, DBObjectCodecProvider{}, DocumentCodecProvider{}, CollectionCodecProvider{}, IterableCodecProvider{}, MapCodecProvider{}, GeoJsonCodecProvider{}, GridFSFileCodecProvider{}, Jsr310CodecProvider{}, JsonObjectCodecProvider{}, BsonCodecProvider{}, EnumCodecProvider{}, com.mongodb.client.model.mql.ExpressionCodecProvider@3bcedb06, com.mongodb.Jep395RecordCodecProvider@6f9a3325, com.mongodb.KotlinCodecProvider@72ceafeb]}, loggerSettings=LoggerSettings{maxDocumentLength=1000}, clusterSettings={hosts=[localhost:27017], srvServiceName=mongodb, mode=SINGLE, requiredClusterType=UNKNOWN, requiredReplicaSetName='null', serverSelector='null', clusterListeners='[]', serverSelectionTimeout='30000 ms', localThreshold='15 ms'}, socketSettings=SocketSettings{connectTimeoutMS=10000, readTimeoutMS=0, receiveBufferSize=0, proxySettings=ProxySettings{host=null, port=null, username=null, password=null}}, heartbeatSocketSettings=SocketSettings{connectTimeoutMS=10000, readTimeoutMS=10000, receiveBufferSize=0, proxySettings=ProxySettings{host=null, port=null, username=null, password=null}}, connectionPoolSettings=ConnectionPoolSettings{maxSize=100, minSize=0, maxWaitTimeMS=120000, maxConnectionLifeTimeMS=0, maxConnectionIdleTimeMS=0, maintenanceInitialDelayMS=0, maintenanceFrequencyMS=60000, connectionPoolListeners=[io.micrometer.core.instrument.binder.mongodb.MongoMetricsConnectionPoolListener@65b2ee36], maxConnecting=2}, serverSettings=ServerSettings{heartbeatFrequencyMS=10000, minHeartbeatFrequencyMS=500, serverListeners='[]', serverMonitorListeners='[]'}, sslSettings=SslSettings{enabled=false, invalidHostNameAllowed=false, context=null}, applicationName='null', compressorList=[], uuidRepresentation=JAVA_LEGACY, serverApi=null, autoEncryptionSettings=null, dnsClient=null, inetAddressResolver=null, contextProvider=null}
2025-08-01 15:00:56.553 [cluster-ClusterId{value='688c66285fd4925fb4e8cc75', description='null'}-localhost:27017] INFO  org.mongodb.driver.cluster - Exception in monitor thread while connecting to server localhost:27017
com.mongodb.MongoSocketOpenException: Exception opening socket
	at com.mongodb.internal.connection.SocketStream.lambda$open$0(SocketStream.java:84)
	at java.base/java.util.Optional.orElseThrow(Optional.java:403)
	at com.mongodb.internal.connection.SocketStream.open(SocketStream.java:84)
	at com.mongodb.internal.connection.InternalStreamConnection.open(InternalStreamConnection.java:211)
	at com.mongodb.internal.connection.DefaultServerMonitor$ServerMonitorRunnable.lookupServerDescription(DefaultServerMonitor.java:193)
	at com.mongodb.internal.connection.DefaultServerMonitor$ServerMonitorRunnable.run(DefaultServerMonitor.java:153)
	at java.base/java.lang.Thread.run(Thread.java:1583)
Caused by: java.net.ConnectException: Connection refused
	at java.base/sun.nio.ch.Net.pollConnect(Native Method)
	at java.base/sun.nio.ch.Net.pollConnectNow(Net.java:682)
	at java.base/sun.nio.ch.NioSocketImpl.timedFinishConnect(NioSocketImpl.java:542)
	at java.base/sun.nio.ch.NioSocketImpl.connect(NioSocketImpl.java:592)
	at java.base/java.net.SocksSocketImpl.connect(SocksSocketImpl.java:327)
	at java.base/java.net.Socket.connect(Socket.java:757)
	at com.mongodb.internal.connection.SocketStreamHelper.initialize(SocketStreamHelper.java:76)
	at com.mongodb.internal.connection.SocketStream.initializeSocket(SocketStream.java:104)
	at com.mongodb.internal.connection.SocketStream.open(SocketStream.java:78)
	... 4 common frames omitted
2025-08-01 15:00:56.693 [main] WARN  o.s.b.w.s.c.AnnotationConfigServletWebServerApplicationContext - Exception encountered during context initialization - cancelling refresh attempt: org.springframework.beans.factory.UnsatisfiedDependencyException: Error creating bean with name 'caseTransferController': Unsatisfied dependency expressed through field 'baseService': No qualifying bean of type '?' available: expected at least 1 bean which qualifies as autowire candidate. Dependency annotations: {@org.springframework.beans.factory.annotation.Autowired(required=true)}
2025-08-01 15:00:56.694 [main] INFO  org.apache.catalina.core.StandardService - Stopping service [Tomcat]
2025-08-01 15:00:56.747 [main] INFO  o.s.b.a.logging.ConditionEvaluationReportLogger - 

Error starting ApplicationContext. To display the condition evaluation report re-run your application with 'debug' enabled.
2025-08-01 15:00:56.756 [main] ERROR org.springframework.boot.SpringApplication - Application run failed
org.springframework.beans.factory.UnsatisfiedDependencyException: Error creating bean with name 'caseTransferController': Unsatisfied dependency expressed through field 'baseService': No qualifying bean of type '?' available: expected at least 1 bean which qualifies as autowire candidate. Dependency annotations: {@org.springframework.beans.factory.annotation.Autowired(required=true)}
	at org.springframework.beans.factory.annotation.AutowiredAnnotationBeanPostProcessor$AutowiredFieldElement.resolveFieldValue(AutowiredAnnotationBeanPostProcessor.java:788)
	at org.springframework.beans.factory.annotation.AutowiredAnnotationBeanPostProcessor$AutowiredFieldElement.inject(AutowiredAnnotationBeanPostProcessor.java:768)
	at org.springframework.beans.factory.annotation.InjectionMetadata.inject(InjectionMetadata.java:145)
	at org.springframework.beans.factory.annotation.AutowiredAnnotationBeanPostProcessor.postProcessProperties(AutowiredAnnotationBeanPostProcessor.java:509)
	at org.springframework.beans.factory.support.AbstractAutowireCapableBeanFactory.populateBean(AbstractAutowireCapableBeanFactory.java:1439)
	at org.springframework.beans.factory.support.AbstractAutowireCapableBeanFactory.doCreateBean(AbstractAutowireCapableBeanFactory.java:599)
	at org.springframework.beans.factory.support.AbstractAutowireCapableBeanFactory.createBean(AbstractAutowireCapableBeanFactory.java:522)
	at org.springframework.beans.factory.support.AbstractBeanFactory.lambda$doGetBean$0(AbstractBeanFactory.java:337)
	at org.springframework.beans.factory.support.DefaultSingletonBeanRegistry.getSingleton(DefaultSingletonBeanRegistry.java:234)
	at org.springframework.beans.factory.support.AbstractBeanFactory.doGetBean(AbstractBeanFactory.java:335)
	at org.springframework.beans.factory.support.AbstractBeanFactory.getBean(AbstractBeanFactory.java:200)
	at org.springframework.beans.factory.support.DefaultListableBeanFactory.preInstantiateSingletons(DefaultListableBeanFactory.java:975)
	at org.springframework.context.support.AbstractApplicationContext.finishBeanFactoryInitialization(AbstractApplicationContext.java:971)
	at org.springframework.context.support.AbstractApplicationContext.refresh(AbstractApplicationContext.java:625)
	at org.springframework.boot.web.servlet.context.ServletWebServerApplicationContext.refresh(ServletWebServerApplicationContext.java:146)
	at org.springframework.boot.SpringApplication.refresh(SpringApplication.java:754)
	at org.springframework.boot.SpringApplication.refreshContext(SpringApplication.java:456)
	at org.springframework.boot.SpringApplication.run(SpringApplication.java:335)
	at org.springframework.boot.SpringApplication.run(SpringApplication.java:1363)
	at org.springframework.boot.SpringApplication.run(SpringApplication.java:1352)
	at com.guanwei.tles.casetransfer.CaseTransferApplication.main(CaseTransferApplication.java:16)
Caused by: org.springframework.beans.factory.NoSuchBeanDefinitionException: No qualifying bean of type '?' available: expected at least 1 bean which qualifies as autowire candidate. Dependency annotations: {@org.springframework.beans.factory.annotation.Autowired(required=true)}
	at org.springframework.beans.factory.support.DefaultListableBeanFactory.raiseNoMatchingBeanFound(DefaultListableBeanFactory.java:1889)
	at org.springframework.beans.factory.support.DefaultListableBeanFactory.doResolveDependency(DefaultListableBeanFactory.java:1406)
	at org.springframework.beans.factory.support.DefaultListableBeanFactory.resolveDependency(DefaultListableBeanFactory.java:1353)
	at org.springframework.beans.factory.annotation.AutowiredAnnotationBeanPostProcessor$AutowiredFieldElement.resolveFieldValue(AutowiredAnnotationBeanPostProcessor.java:785)
	... 20 common frames omitted
2025-08-01 15:05:41.462 [main] INFO  c.g.tles.casetransfer.CaseTransferApplication - Starting CaseTransferApplication using Java 21.0.7 with PID 23991 (/Users/clark/Documents/Projects/personal/java/dev3-framework/sringboot-learn/guanwei-tles-case-transfer/target/classes started by clark in /Users/clark/Documents/Projects/personal/java/dev3-framework/sringboot-learn/guanwei-tles-case-transfer)
2025-08-01 15:05:41.463 [main] DEBUG c.g.tles.casetransfer.CaseTransferApplication - Running with Spring Boot v3.2.12, Spring v6.1.15
2025-08-01 15:05:41.463 [main] INFO  c.g.tles.casetransfer.CaseTransferApplication - The following 1 profile is active: "dev"
2025-08-01 15:05:41.915 [main] INFO  o.s.d.r.config.RepositoryConfigurationDelegate - Multiple Spring Data modules found, entering strict repository configuration mode
2025-08-01 15:05:41.916 [main] INFO  o.s.d.r.config.RepositoryConfigurationDelegate - Bootstrapping Spring Data MongoDB repositories in DEFAULT mode.
2025-08-01 15:05:41.966 [main] INFO  o.s.d.r.config.RepositoryConfigurationDelegate - Finished Spring Data repository scanning in 49 ms. Found 1 MongoDB repository interface.
2025-08-01 15:05:41.972 [main] INFO  o.s.d.r.config.RepositoryConfigurationDelegate - Multiple Spring Data modules found, entering strict repository configuration mode
2025-08-01 15:05:41.972 [main] INFO  o.s.d.r.config.RepositoryConfigurationDelegate - Bootstrapping Spring Data Redis repositories in DEFAULT mode.
2025-08-01 15:05:41.978 [main] INFO  o.s.d.r.c.RepositoryConfigurationExtensionSupport - Spring Data Redis - Could not safely identify store assignment for repository candidate interface com.guanwei.tles.casetransfer.repository.CaseRepository; If you want this repository to be a Redis repository, consider annotating your entities with one of these annotations: org.springframework.data.redis.core.RedisHash (preferred), or consider extending one of the following types with your repository: org.springframework.data.keyvalue.repository.KeyValueRepository
2025-08-01 15:05:41.978 [main] INFO  o.s.d.r.config.RepositoryConfigurationDelegate - Finished Spring Data repository scanning in 2 ms. Found 0 Redis repository interfaces.
2025-08-01 15:05:42.022 [main] DEBUG org.mybatis.spring.mapper.ClassPathMapperScanner - Identified candidate component class: file [/Users/clark/Documents/Projects/personal/java/dev3-framework/sringboot-learn/guanwei-tles-case-transfer/target/classes/com/guanwei/tles/casetransfer/mapper/oracle/CaseMapper.class]
2025-08-01 15:05:42.022 [main] DEBUG org.mybatis.spring.mapper.ClassPathMapperScanner - Creating MapperFactoryBean with name 'caseMapper' and 'com.guanwei.tles.casetransfer.mapper.oracle.CaseMapper' mapperInterface
2025-08-01 15:05:42.084 [main] WARN  o.s.b.w.s.c.AnnotationConfigServletWebServerApplicationContext - Exception encountered during context initialization - cancelling refresh attempt: org.springframework.beans.factory.BeanDefinitionStoreException: Invalid bean definition with name 'caseMapper' defined in file [/Users/clark/Documents/Projects/personal/java/dev3-framework/sringboot-learn/guanwei-tles-case-transfer/target/classes/com/guanwei/tles/casetransfer/mapper/oracle/CaseMapper.class]: Invalid value type for attribute 'factoryBeanObjectType': java.lang.String
2025-08-01 15:05:42.090 [main] INFO  o.s.b.a.logging.ConditionEvaluationReportLogger - 

Error starting ApplicationContext. To display the condition evaluation report re-run your application with 'debug' enabled.
2025-08-01 15:05:42.097 [main] ERROR org.springframework.boot.SpringApplication - Application run failed
org.springframework.beans.factory.BeanDefinitionStoreException: Invalid bean definition with name 'caseMapper' defined in file [/Users/clark/Documents/Projects/personal/java/dev3-framework/sringboot-learn/guanwei-tles-case-transfer/target/classes/com/guanwei/tles/casetransfer/mapper/oracle/CaseMapper.class]: Invalid value type for attribute 'factoryBeanObjectType': java.lang.String
	at org.springframework.beans.factory.support.AbstractAutowireCapableBeanFactory.getTypeForFactoryBean(AbstractAutowireCapableBeanFactory.java:857)
	at org.springframework.beans.factory.support.AbstractBeanFactory.getType(AbstractBeanFactory.java:743)
	at org.springframework.beans.factory.support.DefaultListableBeanFactory.findAnnotationOnBean(DefaultListableBeanFactory.java:735)
	at org.springframework.boot.sql.init.dependency.AnnotationDependsOnDatabaseInitializationDetector.detect(AnnotationDependsOnDatabaseInitializationDetector.java:36)
	at org.springframework.boot.sql.init.dependency.DatabaseInitializationDependencyConfigurer$DependsOnDatabaseInitializationPostProcessor.detectDependsOnInitializationBeanNames(DatabaseInitializationDependencyConfigurer.java:152)
	at org.springframework.boot.sql.init.dependency.DatabaseInitializationDependencyConfigurer$DependsOnDatabaseInitializationPostProcessor.postProcessBeanFactory(DatabaseInitializationDependencyConfigurer.java:115)
	at org.springframework.context.support.PostProcessorRegistrationDelegate.invokeBeanFactoryPostProcessors(PostProcessorRegistrationDelegate.java:363)
	at org.springframework.context.support.PostProcessorRegistrationDelegate.invokeBeanFactoryPostProcessors(PostProcessorRegistrationDelegate.java:197)
	at org.springframework.context.support.AbstractApplicationContext.invokeBeanFactoryPostProcessors(AbstractApplicationContext.java:789)
	at org.springframework.context.support.AbstractApplicationContext.refresh(AbstractApplicationContext.java:607)
	at org.springframework.boot.web.servlet.context.ServletWebServerApplicationContext.refresh(ServletWebServerApplicationContext.java:146)
	at org.springframework.boot.SpringApplication.refresh(SpringApplication.java:754)
	at org.springframework.boot.SpringApplication.refreshContext(SpringApplication.java:456)
	at org.springframework.boot.SpringApplication.run(SpringApplication.java:335)
	at org.springframework.boot.SpringApplication.run(SpringApplication.java:1363)
	at org.springframework.boot.SpringApplication.run(SpringApplication.java:1352)
	at com.guanwei.tles.casetransfer.CaseTransferApplication.main(CaseTransferApplication.java:16)
2025-08-01 15:07:17.128 [main] INFO  c.g.tles.casetransfer.CaseTransferApplication - Starting CaseTransferApplication using Java 21.0.7 with PID 24221 (/Users/clark/Documents/Projects/personal/java/dev3-framework/sringboot-learn/guanwei-tles-case-transfer/target/classes started by clark in /Users/clark/Documents/Projects/personal/java/dev3-framework/sringboot-learn/guanwei-tles-case-transfer)
2025-08-01 15:07:17.128 [main] DEBUG c.g.tles.casetransfer.CaseTransferApplication - Running with Spring Boot v3.2.12, Spring v6.1.15
2025-08-01 15:07:17.129 [main] INFO  c.g.tles.casetransfer.CaseTransferApplication - The following 1 profile is active: "dev"
2025-08-01 15:07:17.498 [main] INFO  o.s.d.r.config.RepositoryConfigurationDelegate - Multiple Spring Data modules found, entering strict repository configuration mode
2025-08-01 15:07:17.498 [main] INFO  o.s.d.r.config.RepositoryConfigurationDelegate - Bootstrapping Spring Data MongoDB repositories in DEFAULT mode.
2025-08-01 15:07:17.544 [main] INFO  o.s.d.r.config.RepositoryConfigurationDelegate - Finished Spring Data repository scanning in 44 ms. Found 1 MongoDB repository interface.
2025-08-01 15:07:17.548 [main] INFO  o.s.d.r.config.RepositoryConfigurationDelegate - Multiple Spring Data modules found, entering strict repository configuration mode
2025-08-01 15:07:17.549 [main] INFO  o.s.d.r.config.RepositoryConfigurationDelegate - Bootstrapping Spring Data Redis repositories in DEFAULT mode.
2025-08-01 15:07:17.554 [main] INFO  o.s.d.r.c.RepositoryConfigurationExtensionSupport - Spring Data Redis - Could not safely identify store assignment for repository candidate interface com.guanwei.tles.casetransfer.repository.CaseRepository; If you want this repository to be a Redis repository, consider annotating your entities with one of these annotations: org.springframework.data.redis.core.RedisHash (preferred), or consider extending one of the following types with your repository: org.springframework.data.keyvalue.repository.KeyValueRepository
2025-08-01 15:07:17.554 [main] INFO  o.s.d.r.config.RepositoryConfigurationDelegate - Finished Spring Data repository scanning in 2 ms. Found 0 Redis repository interfaces.
2025-08-01 15:07:17.592 [main] DEBUG org.mybatis.spring.mapper.ClassPathMapperScanner - Identified candidate component class: file [/Users/clark/Documents/Projects/personal/java/dev3-framework/sringboot-learn/guanwei-tles-case-transfer/target/classes/com/guanwei/tles/casetransfer/mapper/oracle/CaseMapper.class]
2025-08-01 15:07:17.592 [main] DEBUG org.mybatis.spring.mapper.ClassPathMapperScanner - Creating MapperFactoryBean with name 'caseMapper' and 'com.guanwei.tles.casetransfer.mapper.oracle.CaseMapper' mapperInterface
2025-08-01 15:07:17.649 [main] WARN  o.s.b.w.s.c.AnnotationConfigServletWebServerApplicationContext - Exception encountered during context initialization - cancelling refresh attempt: org.springframework.beans.factory.BeanDefinitionStoreException: Invalid bean definition with name 'caseMapper' defined in file [/Users/clark/Documents/Projects/personal/java/dev3-framework/sringboot-learn/guanwei-tles-case-transfer/target/classes/com/guanwei/tles/casetransfer/mapper/oracle/CaseMapper.class]: Invalid value type for attribute 'factoryBeanObjectType': java.lang.String
2025-08-01 15:07:17.656 [main] INFO  o.s.b.a.logging.ConditionEvaluationReportLogger - 

Error starting ApplicationContext. To display the condition evaluation report re-run your application with 'debug' enabled.
2025-08-01 15:07:17.662 [main] ERROR org.springframework.boot.SpringApplication - Application run failed
org.springframework.beans.factory.BeanDefinitionStoreException: Invalid bean definition with name 'caseMapper' defined in file [/Users/clark/Documents/Projects/personal/java/dev3-framework/sringboot-learn/guanwei-tles-case-transfer/target/classes/com/guanwei/tles/casetransfer/mapper/oracle/CaseMapper.class]: Invalid value type for attribute 'factoryBeanObjectType': java.lang.String
	at org.springframework.beans.factory.support.AbstractAutowireCapableBeanFactory.getTypeForFactoryBean(AbstractAutowireCapableBeanFactory.java:857)
	at org.springframework.beans.factory.support.AbstractBeanFactory.getType(AbstractBeanFactory.java:743)
	at org.springframework.beans.factory.support.DefaultListableBeanFactory.findAnnotationOnBean(DefaultListableBeanFactory.java:735)
	at org.springframework.boot.sql.init.dependency.AnnotationDependsOnDatabaseInitializationDetector.detect(AnnotationDependsOnDatabaseInitializationDetector.java:36)
	at org.springframework.boot.sql.init.dependency.DatabaseInitializationDependencyConfigurer$DependsOnDatabaseInitializationPostProcessor.detectDependsOnInitializationBeanNames(DatabaseInitializationDependencyConfigurer.java:152)
	at org.springframework.boot.sql.init.dependency.DatabaseInitializationDependencyConfigurer$DependsOnDatabaseInitializationPostProcessor.postProcessBeanFactory(DatabaseInitializationDependencyConfigurer.java:115)
	at org.springframework.context.support.PostProcessorRegistrationDelegate.invokeBeanFactoryPostProcessors(PostProcessorRegistrationDelegate.java:363)
	at org.springframework.context.support.PostProcessorRegistrationDelegate.invokeBeanFactoryPostProcessors(PostProcessorRegistrationDelegate.java:197)
	at org.springframework.context.support.AbstractApplicationContext.invokeBeanFactoryPostProcessors(AbstractApplicationContext.java:789)
	at org.springframework.context.support.AbstractApplicationContext.refresh(AbstractApplicationContext.java:607)
	at org.springframework.boot.web.servlet.context.ServletWebServerApplicationContext.refresh(ServletWebServerApplicationContext.java:146)
	at org.springframework.boot.SpringApplication.refresh(SpringApplication.java:754)
	at org.springframework.boot.SpringApplication.refreshContext(SpringApplication.java:456)
	at org.springframework.boot.SpringApplication.run(SpringApplication.java:335)
	at org.springframework.boot.SpringApplication.run(SpringApplication.java:1363)
	at org.springframework.boot.SpringApplication.run(SpringApplication.java:1352)
	at com.guanwei.tles.casetransfer.CaseTransferApplication.main(CaseTransferApplication.java:16)
2025-08-01 15:07:52.019 [main] INFO  c.g.tles.casetransfer.CaseTransferApplication - Starting CaseTransferApplication using Java 21.0.7 with PID 24330 (/Users/clark/Documents/Projects/personal/java/dev3-framework/sringboot-learn/guanwei-tles-case-transfer/target/classes started by clark in /Users/clark/Documents/Projects/personal/java/dev3-framework/sringboot-learn/guanwei-tles-case-transfer)
2025-08-01 15:07:52.019 [main] DEBUG c.g.tles.casetransfer.CaseTransferApplication - Running with Spring Boot v3.2.12, Spring v6.1.15
2025-08-01 15:07:52.019 [main] INFO  c.g.tles.casetransfer.CaseTransferApplication - The following 1 profile is active: "dev"
2025-08-01 15:07:52.391 [main] INFO  o.s.d.r.config.RepositoryConfigurationDelegate - Multiple Spring Data modules found, entering strict repository configuration mode
2025-08-01 15:07:52.391 [main] INFO  o.s.d.r.config.RepositoryConfigurationDelegate - Bootstrapping Spring Data MongoDB repositories in DEFAULT mode.
2025-08-01 15:07:52.435 [main] INFO  o.s.d.r.config.RepositoryConfigurationDelegate - Finished Spring Data repository scanning in 42 ms. Found 1 MongoDB repository interface.
2025-08-01 15:07:52.439 [main] INFO  o.s.d.r.config.RepositoryConfigurationDelegate - Multiple Spring Data modules found, entering strict repository configuration mode
2025-08-01 15:07:52.439 [main] INFO  o.s.d.r.config.RepositoryConfigurationDelegate - Bootstrapping Spring Data Redis repositories in DEFAULT mode.
2025-08-01 15:07:52.444 [main] INFO  o.s.d.r.c.RepositoryConfigurationExtensionSupport - Spring Data Redis - Could not safely identify store assignment for repository candidate interface com.guanwei.tles.casetransfer.repository.CaseRepository; If you want this repository to be a Redis repository, consider annotating your entities with one of these annotations: org.springframework.data.redis.core.RedisHash (preferred), or consider extending one of the following types with your repository: org.springframework.data.keyvalue.repository.KeyValueRepository
2025-08-01 15:07:52.444 [main] INFO  o.s.d.r.config.RepositoryConfigurationDelegate - Finished Spring Data repository scanning in 2 ms. Found 0 Redis repository interfaces.
2025-08-01 15:07:52.483 [main] WARN  org.mybatis.spring.mapper.ClassPathMapperScanner - No MyBatis mapper was found in '[com.guanwei.tles.casetransfer]' package. Please check your configuration.
2025-08-01 15:07:52.683 [main] INFO  o.s.boot.web.embedded.tomcat.TomcatWebServer - Tomcat initialized with port 8083 (http)
2025-08-01 15:07:52.689 [main] INFO  org.apache.catalina.core.StandardService - Starting service [Tomcat]
2025-08-01 15:07:52.690 [main] INFO  org.apache.catalina.core.StandardEngine - Starting Servlet engine: [Apache Tomcat/10.1.33]
2025-08-01 15:07:52.716 [main] INFO  o.a.c.c.C.[Tomcat].[localhost].[/case-transfer] - Initializing Spring embedded WebApplicationContext
2025-08-01 15:07:52.716 [main] INFO  o.s.b.w.s.c.ServletWebServerApplicationContext - Root WebApplicationContext: initialization completed in 684 ms
2025-08-01 15:07:52.777 [main] DEBUG o.s.web.filter.ServerHttpObservationFilter - Filter 'webMvcObservationFilter' configured for use
2025-08-01 15:07:52.777 [main] DEBUG o.s.web.servlet.resource.ResourceUrlEncodingFilter - Filter 'resourceUrlEncodingFilter' configured for use
2025-08-01 15:07:52.850 [main] INFO  org.mongodb.driver.client - MongoClient with metadata {"driver": {"name": "mongo-java-driver|sync|spring-boot", "version": "4.11.5"}, "os": {"type": "Darwin", "name": "Mac OS X", "architecture": "aarch64", "version": "15.5"}, "platform": "Java/Azul Systems, Inc./21.0.7+6-LTS"} created with settings MongoClientSettings{readPreference=primary, writeConcern=WriteConcern{w=null, wTimeout=null ms, journal=null}, retryWrites=true, retryReads=true, readConcern=ReadConcern{level=null}, credential=MongoCredential{mechanism=null, userName='admin', source='admin', password=<hidden>, mechanismProperties=<hidden>}, transportSettings=null, streamFactoryFactory=null, commandListeners=[io.micrometer.core.instrument.binder.mongodb.MongoMetricsCommandListener@5bad555b], codecRegistry=ProvidersCodecRegistry{codecProviders=[ValueCodecProvider{}, BsonValueCodecProvider{}, DBRefCodecProvider{}, DBObjectCodecProvider{}, DocumentCodecProvider{}, CollectionCodecProvider{}, IterableCodecProvider{}, MapCodecProvider{}, GeoJsonCodecProvider{}, GridFSFileCodecProvider{}, Jsr310CodecProvider{}, JsonObjectCodecProvider{}, BsonCodecProvider{}, EnumCodecProvider{}, com.mongodb.client.model.mql.ExpressionCodecProvider@41ec4271, com.mongodb.Jep395RecordCodecProvider@70aa58e1, com.mongodb.KotlinCodecProvider@154f8280]}, loggerSettings=LoggerSettings{maxDocumentLength=1000}, clusterSettings={hosts=[localhost:27017], srvServiceName=mongodb, mode=SINGLE, requiredClusterType=UNKNOWN, requiredReplicaSetName='null', serverSelector='null', clusterListeners='[]', serverSelectionTimeout='30000 ms', localThreshold='15 ms'}, socketSettings=SocketSettings{connectTimeoutMS=10000, readTimeoutMS=0, receiveBufferSize=0, proxySettings=ProxySettings{host=null, port=null, username=null, password=null}}, heartbeatSocketSettings=SocketSettings{connectTimeoutMS=10000, readTimeoutMS=10000, receiveBufferSize=0, proxySettings=ProxySettings{host=null, port=null, username=null, password=null}}, connectionPoolSettings=ConnectionPoolSettings{maxSize=100, minSize=0, maxWaitTimeMS=120000, maxConnectionLifeTimeMS=0, maxConnectionIdleTimeMS=0, maintenanceInitialDelayMS=0, maintenanceFrequencyMS=60000, connectionPoolListeners=[io.micrometer.core.instrument.binder.mongodb.MongoMetricsConnectionPoolListener@24f90aff], maxConnecting=2}, serverSettings=ServerSettings{heartbeatFrequencyMS=10000, minHeartbeatFrequencyMS=500, serverListeners='[]', serverMonitorListeners='[]'}, sslSettings=SslSettings{enabled=false, invalidHostNameAllowed=false, context=null}, applicationName='null', compressorList=[], uuidRepresentation=JAVA_LEGACY, serverApi=null, autoEncryptionSettings=null, dnsClient=null, inetAddressResolver=null, contextProvider=null}
2025-08-01 15:07:52.858 [cluster-ClusterId{value='688c67c8e193592dbdc466be', description='null'}-localhost:27017] INFO  org.mongodb.driver.cluster - Exception in monitor thread while connecting to server localhost:27017
com.mongodb.MongoSocketOpenException: Exception opening socket
	at com.mongodb.internal.connection.SocketStream.lambda$open$0(SocketStream.java:84)
	at java.base/java.util.Optional.orElseThrow(Optional.java:403)
	at com.mongodb.internal.connection.SocketStream.open(SocketStream.java:84)
	at com.mongodb.internal.connection.InternalStreamConnection.open(InternalStreamConnection.java:211)
	at com.mongodb.internal.connection.DefaultServerMonitor$ServerMonitorRunnable.lookupServerDescription(DefaultServerMonitor.java:193)
	at com.mongodb.internal.connection.DefaultServerMonitor$ServerMonitorRunnable.run(DefaultServerMonitor.java:153)
	at java.base/java.lang.Thread.run(Thread.java:1583)
Caused by: java.net.ConnectException: Connection refused
	at java.base/sun.nio.ch.Net.pollConnect(Native Method)
	at java.base/sun.nio.ch.Net.pollConnectNow(Net.java:682)
	at java.base/sun.nio.ch.NioSocketImpl.timedFinishConnect(NioSocketImpl.java:542)
	at java.base/sun.nio.ch.NioSocketImpl.connect(NioSocketImpl.java:592)
	at java.base/java.net.SocksSocketImpl.connect(SocksSocketImpl.java:327)
	at java.base/java.net.Socket.connect(Socket.java:757)
	at com.mongodb.internal.connection.SocketStreamHelper.initialize(SocketStreamHelper.java:76)
	at com.mongodb.internal.connection.SocketStream.initializeSocket(SocketStream.java:104)
	at com.mongodb.internal.connection.SocketStream.open(SocketStream.java:78)
	... 4 common frames omitted
2025-08-01 15:07:53.001 [main] WARN  o.s.b.w.s.c.AnnotationConfigServletWebServerApplicationContext - Exception encountered during context initialization - cancelling refresh attempt: org.springframework.beans.factory.UnsatisfiedDependencyException: Error creating bean with name 'caseTransferController': Unsatisfied dependency expressed through field 'baseService': No qualifying bean of type '?' available: expected at least 1 bean which qualifies as autowire candidate. Dependency annotations: {@org.springframework.beans.factory.annotation.Autowired(required=true)}
2025-08-01 15:07:53.002 [main] INFO  org.apache.catalina.core.StandardService - Stopping service [Tomcat]
2025-08-01 15:07:53.055 [main] INFO  o.s.b.a.logging.ConditionEvaluationReportLogger - 

Error starting ApplicationContext. To display the condition evaluation report re-run your application with 'debug' enabled.
2025-08-01 15:07:53.064 [main] ERROR org.springframework.boot.SpringApplication - Application run failed
org.springframework.beans.factory.UnsatisfiedDependencyException: Error creating bean with name 'caseTransferController': Unsatisfied dependency expressed through field 'baseService': No qualifying bean of type '?' available: expected at least 1 bean which qualifies as autowire candidate. Dependency annotations: {@org.springframework.beans.factory.annotation.Autowired(required=true)}
	at org.springframework.beans.factory.annotation.AutowiredAnnotationBeanPostProcessor$AutowiredFieldElement.resolveFieldValue(AutowiredAnnotationBeanPostProcessor.java:788)
	at org.springframework.beans.factory.annotation.AutowiredAnnotationBeanPostProcessor$AutowiredFieldElement.inject(AutowiredAnnotationBeanPostProcessor.java:768)
	at org.springframework.beans.factory.annotation.InjectionMetadata.inject(InjectionMetadata.java:145)
	at org.springframework.beans.factory.annotation.AutowiredAnnotationBeanPostProcessor.postProcessProperties(AutowiredAnnotationBeanPostProcessor.java:509)
	at org.springframework.beans.factory.support.AbstractAutowireCapableBeanFactory.populateBean(AbstractAutowireCapableBeanFactory.java:1439)
	at org.springframework.beans.factory.support.AbstractAutowireCapableBeanFactory.doCreateBean(AbstractAutowireCapableBeanFactory.java:599)
	at org.springframework.beans.factory.support.AbstractAutowireCapableBeanFactory.createBean(AbstractAutowireCapableBeanFactory.java:522)
	at org.springframework.beans.factory.support.AbstractBeanFactory.lambda$doGetBean$0(AbstractBeanFactory.java:337)
	at org.springframework.beans.factory.support.DefaultSingletonBeanRegistry.getSingleton(DefaultSingletonBeanRegistry.java:234)
	at org.springframework.beans.factory.support.AbstractBeanFactory.doGetBean(AbstractBeanFactory.java:335)
	at org.springframework.beans.factory.support.AbstractBeanFactory.getBean(AbstractBeanFactory.java:200)
	at org.springframework.beans.factory.support.DefaultListableBeanFactory.preInstantiateSingletons(DefaultListableBeanFactory.java:975)
	at org.springframework.context.support.AbstractApplicationContext.finishBeanFactoryInitialization(AbstractApplicationContext.java:971)
	at org.springframework.context.support.AbstractApplicationContext.refresh(AbstractApplicationContext.java:625)
	at org.springframework.boot.web.servlet.context.ServletWebServerApplicationContext.refresh(ServletWebServerApplicationContext.java:146)
	at org.springframework.boot.SpringApplication.refresh(SpringApplication.java:754)
	at org.springframework.boot.SpringApplication.refreshContext(SpringApplication.java:456)
	at org.springframework.boot.SpringApplication.run(SpringApplication.java:335)
	at org.springframework.boot.SpringApplication.run(SpringApplication.java:1363)
	at org.springframework.boot.SpringApplication.run(SpringApplication.java:1352)
	at com.guanwei.tles.casetransfer.CaseTransferApplication.main(CaseTransferApplication.java:16)
Caused by: org.springframework.beans.factory.NoSuchBeanDefinitionException: No qualifying bean of type '?' available: expected at least 1 bean which qualifies as autowire candidate. Dependency annotations: {@org.springframework.beans.factory.annotation.Autowired(required=true)}
	at org.springframework.beans.factory.support.DefaultListableBeanFactory.raiseNoMatchingBeanFound(DefaultListableBeanFactory.java:1889)
	at org.springframework.beans.factory.support.DefaultListableBeanFactory.doResolveDependency(DefaultListableBeanFactory.java:1406)
	at org.springframework.beans.factory.support.DefaultListableBeanFactory.resolveDependency(DefaultListableBeanFactory.java:1353)
	at org.springframework.beans.factory.annotation.AutowiredAnnotationBeanPostProcessor$AutowiredFieldElement.resolveFieldValue(AutowiredAnnotationBeanPostProcessor.java:785)
	... 20 common frames omitted
2025-08-01 15:09:08.829 [main] INFO  c.g.tles.casetransfer.CaseTransferApplication - Starting CaseTransferApplication using Java 21.0.7 with PID 24468 (/Users/clark/Documents/Projects/personal/java/dev3-framework/sringboot-learn/guanwei-tles-case-transfer/target/classes started by clark in /Users/clark/Documents/Projects/personal/java/dev3-framework/sringboot-learn/guanwei-tles-case-transfer)
2025-08-01 15:09:08.830 [main] DEBUG c.g.tles.casetransfer.CaseTransferApplication - Running with Spring Boot v3.2.12, Spring v6.1.15
2025-08-01 15:09:08.830 [main] INFO  c.g.tles.casetransfer.CaseTransferApplication - The following 1 profile is active: "dev"
2025-08-01 15:09:09.297 [main] INFO  o.s.d.r.config.RepositoryConfigurationDelegate - Multiple Spring Data modules found, entering strict repository configuration mode
2025-08-01 15:09:09.297 [main] INFO  o.s.d.r.config.RepositoryConfigurationDelegate - Bootstrapping Spring Data MongoDB repositories in DEFAULT mode.
2025-08-01 15:09:09.348 [main] INFO  o.s.d.r.config.RepositoryConfigurationDelegate - Finished Spring Data repository scanning in 48 ms. Found 1 MongoDB repository interface.
2025-08-01 15:09:09.354 [main] INFO  o.s.d.r.config.RepositoryConfigurationDelegate - Multiple Spring Data modules found, entering strict repository configuration mode
2025-08-01 15:09:09.354 [main] INFO  o.s.d.r.config.RepositoryConfigurationDelegate - Bootstrapping Spring Data Redis repositories in DEFAULT mode.
2025-08-01 15:09:09.359 [main] INFO  o.s.d.r.c.RepositoryConfigurationExtensionSupport - Spring Data Redis - Could not safely identify store assignment for repository candidate interface com.guanwei.tles.casetransfer.repository.CaseRepository; If you want this repository to be a Redis repository, consider annotating your entities with one of these annotations: org.springframework.data.redis.core.RedisHash (preferred), or consider extending one of the following types with your repository: org.springframework.data.keyvalue.repository.KeyValueRepository
2025-08-01 15:09:09.359 [main] INFO  o.s.d.r.config.RepositoryConfigurationDelegate - Finished Spring Data repository scanning in 2 ms. Found 0 Redis repository interfaces.
2025-08-01 15:09:09.404 [main] WARN  org.mybatis.spring.mapper.ClassPathMapperScanner - No MyBatis mapper was found in '[com.guanwei.tles.casetransfer]' package. Please check your configuration.
2025-08-01 15:09:09.699 [main] INFO  o.s.boot.web.embedded.tomcat.TomcatWebServer - Tomcat initialized with port 8083 (http)
2025-08-01 15:09:09.707 [main] INFO  org.apache.catalina.core.StandardService - Starting service [Tomcat]
2025-08-01 15:09:09.707 [main] INFO  org.apache.catalina.core.StandardEngine - Starting Servlet engine: [Apache Tomcat/10.1.33]
2025-08-01 15:09:09.736 [main] INFO  o.a.c.c.C.[Tomcat].[localhost].[/case-transfer] - Initializing Spring embedded WebApplicationContext
2025-08-01 15:09:09.736 [main] INFO  o.s.b.w.s.c.ServletWebServerApplicationContext - Root WebApplicationContext: initialization completed in 891 ms
2025-08-01 15:09:09.802 [main] DEBUG o.s.web.filter.ServerHttpObservationFilter - Filter 'webMvcObservationFilter' configured for use
2025-08-01 15:09:09.802 [main] DEBUG o.s.web.servlet.resource.ResourceUrlEncodingFilter - Filter 'resourceUrlEncodingFilter' configured for use
2025-08-01 15:09:09.878 [main] INFO  org.mongodb.driver.client - MongoClient with metadata {"driver": {"name": "mongo-java-driver|sync|spring-boot", "version": "4.11.5"}, "os": {"type": "Darwin", "name": "Mac OS X", "architecture": "aarch64", "version": "15.5"}, "platform": "Java/Azul Systems, Inc./21.0.7+6-LTS"} created with settings MongoClientSettings{readPreference=primary, writeConcern=WriteConcern{w=null, wTimeout=null ms, journal=null}, retryWrites=true, retryReads=true, readConcern=ReadConcern{level=null}, credential=MongoCredential{mechanism=null, userName='admin', source='admin', password=<hidden>, mechanismProperties=<hidden>}, transportSettings=null, streamFactoryFactory=null, commandListeners=[io.micrometer.core.instrument.binder.mongodb.MongoMetricsCommandListener@73d83141], codecRegistry=ProvidersCodecRegistry{codecProviders=[ValueCodecProvider{}, BsonValueCodecProvider{}, DBRefCodecProvider{}, DBObjectCodecProvider{}, DocumentCodecProvider{}, CollectionCodecProvider{}, IterableCodecProvider{}, MapCodecProvider{}, GeoJsonCodecProvider{}, GridFSFileCodecProvider{}, Jsr310CodecProvider{}, JsonObjectCodecProvider{}, BsonCodecProvider{}, EnumCodecProvider{}, com.mongodb.client.model.mql.ExpressionCodecProvider@31443680, com.mongodb.Jep395RecordCodecProvider@33356666, com.mongodb.KotlinCodecProvider@3a988299]}, loggerSettings=LoggerSettings{maxDocumentLength=1000}, clusterSettings={hosts=[localhost:27017], srvServiceName=mongodb, mode=SINGLE, requiredClusterType=UNKNOWN, requiredReplicaSetName='null', serverSelector='null', clusterListeners='[]', serverSelectionTimeout='30000 ms', localThreshold='15 ms'}, socketSettings=SocketSettings{connectTimeoutMS=10000, readTimeoutMS=0, receiveBufferSize=0, proxySettings=ProxySettings{host=null, port=null, username=null, password=null}}, heartbeatSocketSettings=SocketSettings{connectTimeoutMS=10000, readTimeoutMS=10000, receiveBufferSize=0, proxySettings=ProxySettings{host=null, port=null, username=null, password=null}}, connectionPoolSettings=ConnectionPoolSettings{maxSize=100, minSize=0, maxWaitTimeMS=120000, maxConnectionLifeTimeMS=0, maxConnectionIdleTimeMS=0, maintenanceInitialDelayMS=0, maintenanceFrequencyMS=60000, connectionPoolListeners=[io.micrometer.core.instrument.binder.mongodb.MongoMetricsConnectionPoolListener@878feb2], maxConnecting=2}, serverSettings=ServerSettings{heartbeatFrequencyMS=10000, minHeartbeatFrequencyMS=500, serverListeners='[]', serverMonitorListeners='[]'}, sslSettings=SslSettings{enabled=false, invalidHostNameAllowed=false, context=null}, applicationName='null', compressorList=[], uuidRepresentation=JAVA_LEGACY, serverApi=null, autoEncryptionSettings=null, dnsClient=null, inetAddressResolver=null, contextProvider=null}
2025-08-01 15:09:09.884 [cluster-ClusterId{value='688c68153996e00068d86e45', description='null'}-localhost:27017] INFO  org.mongodb.driver.cluster - Exception in monitor thread while connecting to server localhost:27017
com.mongodb.MongoSocketOpenException: Exception opening socket
	at com.mongodb.internal.connection.SocketStream.lambda$open$0(SocketStream.java:84)
	at java.base/java.util.Optional.orElseThrow(Optional.java:403)
	at com.mongodb.internal.connection.SocketStream.open(SocketStream.java:84)
	at com.mongodb.internal.connection.InternalStreamConnection.open(InternalStreamConnection.java:211)
	at com.mongodb.internal.connection.DefaultServerMonitor$ServerMonitorRunnable.lookupServerDescription(DefaultServerMonitor.java:193)
	at com.mongodb.internal.connection.DefaultServerMonitor$ServerMonitorRunnable.run(DefaultServerMonitor.java:153)
	at java.base/java.lang.Thread.run(Thread.java:1583)
Caused by: java.net.ConnectException: Connection refused
	at java.base/sun.nio.ch.Net.pollConnect(Native Method)
	at java.base/sun.nio.ch.Net.pollConnectNow(Net.java:682)
	at java.base/sun.nio.ch.NioSocketImpl.timedFinishConnect(NioSocketImpl.java:542)
	at java.base/sun.nio.ch.NioSocketImpl.connect(NioSocketImpl.java:592)
	at java.base/java.net.SocksSocketImpl.connect(SocksSocketImpl.java:327)
	at java.base/java.net.Socket.connect(Socket.java:757)
	at com.mongodb.internal.connection.SocketStreamHelper.initialize(SocketStreamHelper.java:76)
	at com.mongodb.internal.connection.SocketStream.initializeSocket(SocketStream.java:104)
	at com.mongodb.internal.connection.SocketStream.open(SocketStream.java:78)
	... 4 common frames omitted
2025-08-01 15:09:10.037 [main] INFO  com.guanwei.framework.cap.impl.CapSubscriberImpl - CAP Subscriber started with 10 consumer threads
2025-08-01 15:09:10.062 [main] INFO  com.guanwei.framework.cap.impl.CapSubscriberImpl - Subscribed to message: case.created (group: case-transfer-group)
2025-08-01 15:09:10.062 [main] INFO  com.guanwei.framework.cap.impl.CapSubscriberImpl - Subscribed to message: case.updated (group: case-transfer-group)
2025-08-01 15:09:10.062 [main] INFO  com.guanwei.framework.cap.impl.CapSubscriberImpl - Subscribed to message: case.deleted (group: case-transfer-group)
2025-08-01 15:09:10.062 [main] INFO  c.g.tles.casetransfer.handler.CaseMessageHandler - 
2025-08-01 15:09:10.157 [main] DEBUG o.s.w.s.m.m.a.RequestMappingHandlerMapping - 8 mappings in 'requestMappingHandlerMapping'
2025-08-01 15:09:10.298 [main] DEBUG o.s.web.servlet.handler.SimpleUrlHandlerMapping - Patterns [/webjars/**, /**, /swagger-ui*/*swagger-initializer.js, /swagger-ui*/**] in 'resourceHandlerMapping'
2025-08-01 15:09:10.319 [main] DEBUG o.s.w.s.m.m.a.RequestMappingHandlerAdapter - ControllerAdvice beans: 0 @ModelAttribute, 0 @InitBinder, 1 RequestBodyAdvice, 1 ResponseBodyAdvice
2025-08-01 15:09:10.336 [main] DEBUG o.s.w.s.m.m.a.ExceptionHandlerExceptionResolver - ControllerAdvice beans: 1 @ExceptionHandler, 1 ResponseBodyAdvice
2025-08-01 15:09:10.349 [main] WARN  o.s.b.w.s.c.AnnotationConfigServletWebServerApplicationContext - Exception encountered during context initialization - cancelling refresh attempt: org.springframework.beans.factory.BeanCreationException: Error creating bean with name 'dataSource' defined in class path resource [org/springframework/boot/autoconfigure/jdbc/DataSourceConfiguration$Hikari.class]: Failed to instantiate [com.zaxxer.hikari.HikariDataSource]: Factory method 'dataSource' threw exception with message: Failed to determine a suitable driver class
2025-08-01 15:09:10.350 [main] INFO  com.guanwei.framework.cap.impl.CapSubscriberImpl - CAP Subscriber stopped
2025-08-01 15:09:10.351 [main] INFO  org.apache.catalina.core.StandardService - Stopping service [Tomcat]
2025-08-01 15:09:10.405 [main] INFO  o.s.b.a.logging.ConditionEvaluationReportLogger - 

Error starting ApplicationContext. To display the condition evaluation report re-run your application with 'debug' enabled.
2025-08-01 15:09:10.411 [main] ERROR o.s.b.diagnostics.LoggingFailureAnalysisReporter - 

***************************
APPLICATION FAILED TO START
***************************

Description:

Failed to configure a DataSource: 'url' attribute is not specified and no embedded datasource could be configured.

Reason: Failed to determine a suitable driver class


Action:

Consider the following:
	If you want an embedded database (H2, HSQL or Derby), please put it on the classpath.
	If you have database settings to be loaded from a particular profile you may need to activate it (the profiles dev are currently active).

